J = (1.0, 5.0, 10.0, 100.0)
M = 4, 5
0.50758127489

Inc
  double L = 0.50758127489, R = 0.81516254978;
Dec
  double L = 0.31516254978, R = 0.50758127489;
time 0.02[s],  0.00[m]
J = (1.0, 5.0, 10.0, 100.0)
M = 5, 6
0.48580924828

Inc
  double L = 0.48580924828, R = 0.77161849656;
Dec
  double L = 0.27161849656, R = 0.48580924828;
time 0.05[s],  0.00[m]
J = (1.0, 5.0, 10.0, 100.0)
M = 6, 7
0.49717005931

Inc
  double L = 0.49717005931, R = 0.79434011861;
Dec
  double L = 0.29434011861, R = 0.49717005931;
time 0.11[s],  0.00[m]
J = (1.0, 5.0, 10.0, 100.0)
M = 7, 8
0.49230812291

Inc
  double L = 0.49230812291, R = 0.78461624582;
Dec
  double L = 0.28461624582, R = 0.49230812291;
time 0.31[s],  0.01[m]
J = (1.0, 5.0, 10.0, 100.0)
M = 8, 9
0.49487079610

Inc
  double L = 0.49487079610, R = 0.78974159221;
Dec
  double L = 0.28974159221, R = 0.49487079610;
time 0.75[s],  0.01[m]
J = (1.0, 5.0, 10.0, 100.0)
M = 9, 10
0.49388211516

Inc
  double L = 0.49388211516, R = 0.78776423031;
Dec
  double L = 0.28776423031, R = 0.49388211516;
time 1.87[s],  0.03[m]
J = (1.0, 5.0, 10.0, 100.0)
M = 10, 11
0.49446569212

Inc
  double L = 0.49446569212, R = 0.78893138423;
Dec
  double L = 0.28893138423, R = 0.49446569212;
time 4.48[s],  0.07[m]
J = (1.0, 5.0, 10.0, 100.0)
M = 11, 12
0.49429015998

Inc
  double L = 0.49429015998, R = 0.78858031996;
Dec
  double L = 0.28858031996, R = 0.49429015998;
time 10.91[s],  0.18[m]
J = (1.0, 5.0, 10.0, 100.0)
M = 12, 13
0.49443405564

Inc
  double L = 0.49443405564, R = 0.78886811128;
Dec
  double L = 0.28886811128, R = 0.49443405564;
time 23.70[s],  0.40[m]
J = (1.0, 5.0, 10.0, 100.0)
M = 13, 14
0.49441571655

Inc
  double L = 0.49441571655, R = 0.78883143310;
Dec
  double L = 0.28883143310, R = 0.49441571655;
time 55.45[s],  0.92[m]
J = (1.0, 5.0, 10.0, 100.0)
M = 14, 15
0.49445863071

Inc
  double L = 0.49445863071, R = 0.78891726142;
Dec
  double L = 0.28891726142, R = 0.49445863071;
time 130.83[s],  2.18[m]
J = (1.0, 5.0, 10.0, 100.0)
M = 15, 16
0.49446554976

Inc
  double L = 0.49446554976, R = 0.78893109952;
Dec
  double L = 0.28893109952, R = 0.49446554976;
time 333.47[s],  5.56[m]
J = (1.0, 5.0, 10.0, 100.0)
M = 16, 17
0.49448259527

Inc
  double L = 0.49448259527, R = 0.78896519054;
Dec
  double L = 0.28896519054, R = 0.49448259527;
time 759.37[s],  12.66[m]
