J = (1.0, 1.0, 1.3)
M = 4, 5
0.60555913242

Inc
  double L = 0.60555913242, R = 1.01111826485;
Dec
  double L = 0.59111826485, R = 0.60555913242;
time 0.01[s],  0.00[m]
J = (1.0, 1.0, 1.3)
M = 5, 6
0.60544194937

Inc
  double L = 0.60544194937, R = 1.01088389873;
Dec
  double L = 0.59088389873, R = 0.60544194937;
time 0.03[s],  0.00[m]
J = (1.0, 1.0, 1.3)
M = 6, 7
0.60541701601

Inc
  double L = 0.60541701601, R = 1.01083403201;
Dec
  double L = 0.59083403201, R = 0.60541701601;
time 0.09[s],  0.00[m]
J = (1.0, 1.0, 1.3)
M = 7, 8
0.60541250314

Inc
  double L = 0.60541250314, R = 1.01082500628;
Dec
  double L = 0.59082500628, R = 0.60541250314;
time 0.35[s],  0.01[m]
J = (1.0, 1.0, 1.3)
M = 8, 9
0.60541292498

Inc
  double L = 0.60541292498, R = 1.01082584996;
Dec
  double L = 0.59082584996, R = 0.60541292498;
time 0.50[s],  0.01[m]
J = (1.0, 1.0, 1.3)
M = 9, 10
0.60541442464

Inc
  double L = 0.60541442464, R = 1.01082884927;
Dec
  double L = 0.59082884927, R = 0.60541442464;
time 1.56[s],  0.03[m]
J = (1.0, 1.0, 1.3)
M = 10, 11
0.60541596901

Inc
  double L = 0.60541596900, R = 1.01083193801;
Dec
  double L = 0.59083193801, R = 0.60541596900;
time 3.14[s],  0.05[m]
J = (1.0, 1.0, 1.3)
M = 11, 12
0.60541730111

Inc
  double L = 0.60541730111, R = 1.01083460221;
Dec
  double L = 0.59083460221, R = 0.60541730111;
time 4.00[s],  0.07[m]
J = (1.0, 1.0, 1.3)
M = 12, 13
0.60541838848

Inc
  double L = 0.60541838848, R = 1.01083677695;
Dec
  double L = 0.59083677695, R = 0.60541838848;
time 10.10[s],  0.17[m]
J = (1.0, 1.0, 1.3)
M = 13, 14
0.60541925972

Inc
  double L = 0.60541925972, R = 1.01083851944;
Dec
  double L = 0.59083851944, R = 0.60541925972;
time 21.75[s],  0.36[m]
J = (1.0, 1.0, 1.3)
M = 14, 15
0.60541995591

Inc
  double L = 0.60541995591, R = 1.01083991183;
Dec
  double L = 0.59083991183, R = 0.60541995591;
time 52.08[s],  0.87[m]
J = (1.0, 1.0, 1.3)
M = 15, 16
0.60542051259

Inc
  double L = 0.60542051259, R = 1.01084102519;
Dec
  double L = 0.59084102519, R = 0.60542051259;
time 116.45[s],  1.94[m]
J = (1.0, 1.0, 1.3)
M = 16, 17
0.60542096164

Inc
  double L = 0.60542096164, R = 1.01084192328;
Dec
  double L = 0.59084192328, R = 0.60542096164;
time 232.53[s],  3.88[m]
