J = (1.0, 1.0, 0.0)
M = 4, 5
0.57345596898

J = (1.0, 1.0, 0.0)
M = 5, 6
0.57043988337

J = (1.0, 1.0, 0.0)
M = 6, 7
0.56907430233

J = (1.0, 1.0, 0.0)
M = 7, 8
0.56839961605

J = (1.0, 1.0, 0.0)
M = 8, 9
0.56803146492

J = (1.0, 1.0, 0.0)
M = 9, 10
0.56781270004

J = (1.0, 1.0, 0.0)
M = 10, 11
0.56767379491

J = (1.0, 1.0, 0.0)
M = 11, 12
0.56758100271

J = (1.0, 1.0, 0.0)
M = 12, 13
0.56751650285

J = (1.0, 1.0, 0.0)
M = 13, 14
0.56747021057

J = (1.0, 1.0, 0.0)
M = 14, 15
0.56743609439

J = (1.0, 1.0, 0.0)
M = 15, 16
0.56741038289

J = (1.0, 1.0, 0.0)
M = 16, 17
0.56739063048

J = (1.0, 1.0, 1.0)
M = 4, 5
0.60717612509

J = (1.0, 1.0, 1.0)
M = 5, 6
0.60694577631

J = (1.0, 1.0, 1.0)
M = 6, 7
0.60687581288

J = (1.0, 1.0, 1.0)
M = 7, 8
0.60684989227

J = (1.0, 1.0, 1.0)
M = 8, 9
0.60683869767

J = (1.0, 1.0, 1.0)
M = 9, 10
0.60683329558

J = (1.0, 1.0, 1.0)
M = 10, 11
0.60683046332

J = (1.0, 1.0, 1.0)
M = 11, 12
0.60682887915

J = (1.0, 1.0, 1.0)
M = 12, 13
0.60682794514

J = (1.0, 1.0, 1.0)
M = 13, 14
0.60682737006

J = (1.0, 1.0, 1.0)
M = 14, 15
0.60682700279

J = (1.0, 1.0, 1.0)
M = 15, 16
0.60682676063

J = (1.0, 1.0, 1.0)
M = 16, 17
0.60682659686

J = (1.0, 1.0, 1.1)
M = 4, 5
0.60690685541

J = (1.0, 1.0, 1.1)
M = 5, 6
0.60672519933

J = (1.0, 1.0, 1.1)
M = 6, 7
0.60667525636

J = (1.0, 1.0, 1.1)
M = 7, 8
0.60665907332

J = (1.0, 1.0, 1.1)
M = 8, 9
0.60665324902

J = (1.0, 1.0, 1.1)
M = 9, 10
0.60665107601

J = (1.0, 1.0, 1.1)
M = 10, 11
0.60665031002

J = (1.0, 1.0, 1.1)
M = 11, 12
0.60665011227

J = (1.0, 1.0, 1.1)
M = 12, 13
0.60665014449

J = (1.0, 1.0, 1.1)
M = 13, 14
0.60665026405

J = (1.0, 1.0, 1.1)
M = 14, 15
0.60665040916

J = (1.0, 1.0, 1.1)
M = 15, 16
0.60665055342

J = (1.0, 1.0, 1.1)
M = 16, 17
0.60665068799

J = (1.0, 1.0, 1.2)
M = 4, 5
0.60635266958

J = (1.0, 1.0, 1.2)
M = 5, 6
0.60620792444

J = (1.0, 1.0, 1.2)
M = 6, 7
0.60617260976

J = (1.0, 1.0, 1.2)
M = 7, 8
0.60616336321

J = (1.0, 1.0, 1.2)
M = 8, 9
0.60616129584

J = (1.0, 1.0, 1.2)
M = 9, 10
0.60616135183

J = (1.0, 1.0, 1.2)
M = 10, 11
0.60616199778

J = (1.0, 1.0, 1.2)
M = 11, 12
0.60616274010

J = (1.0, 1.0, 1.2)
M = 12, 13
0.60616342348

J = (1.0, 1.0, 1.2)
M = 13, 14
0.60616400871

J = (1.0, 1.0, 1.2)
M = 14, 15
0.60616449599

J = (1.0, 1.0, 1.2)
M = 15, 16
0.60616489732

J = (1.0, 1.0, 1.2)
M = 16, 17
0.60616522734

J = (1.0, 1.0, 1.3)
M = 4, 5
0.60555913242

J = (1.0, 1.0, 1.3)
M = 5, 6
0.60544194938

J = (1.0, 1.0, 1.3)
M = 6, 7
0.60541701602

J = (1.0, 1.0, 1.3)
M = 7, 8
0.60541250310

J = (1.0, 1.0, 1.3)
M = 8, 9
0.60541292496

J = (1.0, 1.0, 1.3)
M = 9, 10
0.60541442465

J = (1.0, 1.0, 1.3)
M = 10, 11
0.60541596901

J = (1.0, 1.0, 1.3)
M = 11, 12
0.60541730126

J = (1.0, 1.0, 1.3)
M = 12, 13
0.60541838841

J = (1.0, 1.0, 1.3)
M = 13, 14
0.60541925994

J = (1.0, 1.0, 1.3)
M = 14, 15
0.60541995592

J = (1.0, 1.0, 1.3)
M = 15, 16
0.60542051335

J = (1.0, 1.0, 1.3)
M = 16, 17
0.60542096184

J = (1.0, 1.0, 1.4)
M = 4, 5
0.60456442091

J = (1.0, 1.0, 1.4)
M = 5, 6
0.60446735341

J = (1.0, 1.0, 1.4)
M = 6, 7
0.60444944749

J = (1.0, 1.0, 1.4)
M = 7, 8
0.60444793390

J = (1.0, 1.0, 1.4)
M = 8, 9
0.60444984841

J = (1.0, 1.0, 1.4)
M = 9, 10
0.60445217530

J = (1.0, 1.0, 1.4)
M = 10, 11
0.60445421568

J = (1.0, 1.0, 1.4)
M = 11, 12
0.60445586338

J = (1.0, 1.0, 1.4)
M = 12, 13
0.60445716135

J = (1.0, 1.0, 1.4)
M = 13, 14
0.60445817878

J = (1.0, 1.0, 1.4)
M = 14, 15
0.60445897967

J = (1.0, 1.0, 1.4)
M = 15, 16
0.60445961353

J = (1.0, 1.0, 1.4)
M = 16, 17
0.60446012106

J = (1.0, 1.0, 1.5)
M = 4, 5
0.60340065636

J = (1.0, 1.0, 1.5)
M = 5, 6
0.60331775635

J = (1.0, 1.0, 1.5)
M = 6, 7
0.60330422523

J = (1.0, 1.0, 1.5)
M = 7, 8
0.60330434526

J = (1.0, 1.0, 1.5)
M = 8, 9
0.60330697000

J = (1.0, 1.0, 1.5)
M = 9, 10
0.60330964147

J = (1.0, 1.0, 1.5)
M = 10, 11
0.60331186288

J = (1.0, 1.0, 1.5)
M = 11, 12
0.60331361200

J = (1.0, 1.0, 1.5)
M = 12, 13
0.60331496958

J = (1.0, 1.0, 1.5)
M = 13, 14
0.60331602408

J = (1.0, 1.0, 1.5)
M = 14, 15
0.60331684795

J = (1.0, 1.0, 1.5)
M = 15, 16
0.60331749759

J = (1.0, 1.0, 1.5)
M = 16, 17
