J = (1.0, 1.0, 1.0)
M = 4, 5
0.60717612509

J = (1.0, 1.0, 1.0)
M = 5, 6
0.60694577631

J = (1.0, 1.0, 1.0)
M = 6, 7
0.60687581290

J = (1.0, 1.0, 1.0)
M = 7, 8
0.60684989224

J = (1.0, 1.0, 1.0)
M = 8, 9
0.60683869767

J = (1.0, 1.0, 1.0)
M = 9, 10
0.60683329556

J = (1.0, 1.0, 1.0)
M = 10, 11
0.60683046335

J = (1.0, 1.0, 1.0)
M = 11, 12
0.60682887905

J = (1.0, 1.0, 1.0)
M = 12, 13
0.60682794512

J = (1.0, 1.0, 1.0)
M = 13, 14
0.60682737010

J = (1.0, 1.0, 1.0)
M = 14, 15
0.60682700281

J = (1.0, 1.0, 1.0)
M = 15, 16
0.60682676070

J = (1.0, 1.0, 1.0)
M = 16, 17
0.60682659671

