J = (2.0, 1.0, 1.0)
M = 4, 5
0.59877058802

J = (2.0, 1.0, 1.0)
M = 5, 6
0.59722336802

J = (2.0, 1.0, 1.0)
M = 6, 7
0.59656309719

J = (2.0, 1.0, 1.0)
M = 7, 8
0.59625283028

J = (2.0, 1.0, 1.0)
M = 8, 9
0.59608952504

J = (2.0, 1.0, 1.0)
M = 9, 10
0.59599485986

J = (2.0, 1.0, 1.0)
M = 10, 11
0.59593578800

J = (2.0, 1.0, 1.0)
M = 11, 12
0.59589682511

J = (2.0, 1.0, 1.0)
M = 12, 13
0.59587000198

J = (2.0, 1.0, 1.0)
M = 13, 14
0.59585089535

J = (2.0, 1.0, 1.0)
M = 14, 15
0.59583689842

J = (2.0, 1.0, 1.0)
M = 15, 16
0.59582640076

J = (2.0, 1.0, 1.0)
M = 16, 17
0.59581836828

J = (7.0, 1.0, 1.0)
M = 4, 5
0.52270812472

J = (7.0, 1.0, 1.0)
M = 5, 6
0.52104943071

J = (7.0, 1.0, 1.0)
M = 6, 7
0.51855331505

J = (7.0, 1.0, 1.0)
M = 7, 8
0.51650104348

J = (7.0, 1.0, 1.0)
M = 8, 9
0.51504529047

J = (7.0, 1.0, 1.0)
M = 9, 10
0.51406680447

J = (7.0, 1.0, 1.0)
M = 10, 11
0.51341926453

J = (7.0, 1.0, 1.0)
M = 11, 12
0.51298860346

J = (7.0, 1.0, 1.0)
M = 12, 13
0.51269731425

J = (7.0, 1.0, 1.0)
M = 13, 14
0.51249565920

J = (7.0, 1.0, 1.0)
M = 14, 15
0.51235241127

J = (7.0, 1.0, 1.0)
M = 15, 16
0.51224800599

J = (7.0, 1.0, 1.0)
M = 16, 17
0.51217006020

J = (10.0, 1.0, 1.0)
M = 4, 5
0.48512609164

J = (10.0, 1.0, 1.0)
M = 5, 6
0.48796509832

J = (10.0, 1.0, 1.0)
M = 6, 7
0.48707063632

J = (10.0, 1.0, 1.0)
M = 7, 8
0.48531885892

J = (10.0, 1.0, 1.0)
M = 8, 9
0.48363938489

J = (10.0, 1.0, 1.0)
M = 9, 10
0.48228080747

J = (10.0, 1.0, 1.0)
M = 10, 11
0.48125612206

J = (10.0, 1.0, 1.0)
M = 11, 12
0.48050776050

J = (10.0, 1.0, 1.0)
M = 12, 13
0.47996813342

J = (10.0, 1.0, 1.0)
M = 13, 14
0.47957938770

J = (10.0, 1.0, 1.0)
M = 14, 15
0.47929744069

J = (10.0, 1.0, 1.0)
M = 15, 16
0.47909053988

J = (10.0, 1.0, 1.0)
M = 16, 17
0.47893646173

J = (2.0, 1.0, 0.0)
M = 4, 5
0.55864112985

J = (2.0, 1.0, 0.0)
M = 5, 6
0.55404780015

J = (2.0, 1.0, 0.0)
M = 6, 7
0.55123688214

J = (2.0, 1.0, 0.0)
M = 7, 8
0.54963294346

J = (2.0, 1.0, 0.0)
M = 8, 9
0.54871724430

J = (2.0, 1.0, 0.0)
M = 9, 10
0.54817710592

J = (2.0, 1.0, 0.0)
M = 10, 11
0.54784346247

J = (2.0, 1.0, 0.0)
M = 11, 12
0.54762719786

J = (2.0, 1.0, 0.0)
M = 12, 13
0.54748069253

J = (2.0, 1.0, 0.0)
M = 13, 14
0.54737761847

J = (2.0, 1.0, 0.0)
M = 14, 15
0.54730277730

J = (2.0, 1.0, 0.0)
M = 15, 16
0.54724699459

J = (2.0, 1.0, 0.0)
M = 16, 17
0.54720449632

J = (3.0, 1.0, 0.0)
M = 4, 5
0.53309783397

J = (3.0, 1.0, 0.0)
M = 5, 6
0.52958178601

J = (3.0, 1.0, 0.0)
M = 6, 7
0.52636834157

J = (3.0, 1.0, 0.0)
M = 7, 8
0.52408757177

J = (3.0, 1.0, 0.0)
M = 8, 9
0.52259331877

J = (3.0, 1.0, 0.0)
M = 9, 10
0.52163731575

J = (3.0, 1.0, 0.0)
M = 10, 11
0.52102327879

J = (3.0, 1.0, 0.0)
M = 11, 12
0.52062119117

J = (3.0, 1.0, 0.0)
M = 12, 13
0.52035060575

J = (3.0, 1.0, 0.0)
M = 13, 14
0.52016293703

J = (3.0, 1.0, 0.0)
M = 14, 15
0.52002885484

J = (3.0, 1.0, 0.0)
M = 15, 16
0.51993040524

J = (3.0, 1.0, 0.0)
M = 16, 17
0.51985634900

J = (5.0, 1.0, 0.0)
M = 4, 5
0.48421693231

J = (5.0, 1.0, 0.0)
M = 5, 6
0.48667485572

J = (5.0, 1.0, 0.0)
M = 6, 7
0.48546828008

J = (5.0, 1.0, 0.0)
M = 7, 8
0.48346942590

J = (5.0, 1.0, 0.0)
M = 8, 9
0.48159865802

J = (5.0, 1.0, 0.0)
M = 9, 10
0.48009453444

J = (5.0, 1.0, 0.0)
M = 10, 11
0.47896060037

J = (5.0, 1.0, 0.0)
M = 11, 12
0.47813098329

J = (5.0, 1.0, 0.0)
M = 12, 13
0.47753118262

J = (5.0, 1.0, 0.0)
M = 13, 14
0.47709785564

J = (5.0, 1.0, 0.0)
M = 14, 15
0.47678272256

J = (5.0, 1.0, 0.0)
M = 15, 16
0.47655091409

J = (5.0, 1.0, 0.0)
M = 16, 17
0.47637793896

