J = (1.0, 1.0, 1.0, 30.0)
M = 4, 5
0.43685528814
Inc
  double L = 0.43685528814, R = 0.67371057629;
Dec
  double L = 0.17371057629, R = 0.43685528814;
time 0.03[s],  0.00[m]
J = (1.0, 1.0, 1.0, 30.0)
M = 5, 6
0.43520670681
Inc
  double L = 0.43520670681, R = 0.67041341361;
Dec
  double L = 0.17041341361, R = 0.43520670681;
time 0.15[s],  0.00[m]
J = (1.0, 1.0, 1.0, 30.0)
M = 6, 7
0.43545402554
Inc
  double L = 0.43545402554, R = 0.67090805107;
Dec
  double L = 0.17090805107, R = 0.43545402554;
time 0.65[s],  0.01[m]
J = (1.0, 1.0, 1.0, 30.0)
M = 7, 8
0.43529676942
Inc
  double L = 0.43529676942, R = 0.67059353884;
Dec
  double L = 0.17059353884, R = 0.43529676942;
time 0.67[s],  0.01[m]
J = (1.0, 1.0, 1.0, 30.0)
M = 8, 9
0.43527736403
Inc
  double L = 0.43527736403, R = 0.67055472806;
Dec
  double L = 0.17055472806, R = 0.43527736403;
time 2.25[s],  0.04[m]
J = (1.0, 1.0, 1.0, 30.0)
M = 9, 10
0.43524444801
Inc
  double L = 0.43524444801, R = 0.67048889601;
Dec
  double L = 0.17048889601, R = 0.43524444801;
time 8.97[s],  0.15[m]
J = (1.0, 1.0, 1.0, 30.0)
M = 10, 11
0.43522694547
Inc
  double L = 0.43522694547, R = 0.67045389093;
Dec
  double L = 0.17045389093, R = 0.43522694547;
time 7.32[s],  0.12[m]
J = (1.0, 1.0, 1.0, 30.0)
M = 11, 12
0.43521329332
Inc
  double L = 0.43521329332, R = 0.67042658663;
Dec
  double L = 0.17042658663, R = 0.43521329332;
time 18.62[s],  0.31[m]
J = (1.0, 1.0, 1.0, 30.0)
M = 12, 13
0.43520366658
Inc
  double L = 0.43520366658, R = 0.67040733316;
Dec
  double L = 0.17040733316, R = 0.43520366658;
time 32.77[s],  0.55[m]
J = (1.0, 1.0, 1.0, 30.0)
M = 13, 14
0.43519642042
Inc
  double L = 0.43519642042, R = 0.67039284084;
Dec
  double L = 0.17039284084, R = 0.43519642042;
time 68.94[s],  1.15[m]
J = (1.0, 1.0, 1.0, 30.0)
M = 14, 15
0.43519093303
Inc
  double L = 0.43519093303, R = 0.67038186607;
Dec
  double L = 0.17038186607, R = 0.43519093303;
time 235.14[s],  3.92[m]
J = (1.0, 1.0, 1.0, 30.0)
M = 15, 16
0.43518666252
Inc
  double L = 0.43518666252, R = 0.67037332504;
Dec
  double L = 0.17037332504, R = 0.43518666252;
time 369.06[s],  6.15[m]
J = (1.0, 1.0, 1.0, 30.0)
M = 16, 17
0.43518335191
Inc
  double L = 0.43518335191, R = 0.67036670381;
Dec
  double L = 0.17036670381, R = 0.43518335191;
time 793.80[s],  13.23[m]
