J = (20.0, 1.0, 1.0, 1.0)
M = 4, 5
0.44873190707

Inc
  double L = 0.44873190707, R = 0.69746381414;
Dec
  double L = 0.19746381414, R = 0.44873190707;
time 0.00[s],  0.00[m]
J = (20.0, 1.0, 1.0, 1.0)
M = 5, 6
0.45786133602

Inc
  double L = 0.45786133602, R = 0.71572267204;
Dec
  double L = 0.21572267204, R = 0.45786133602;
time 0.01[s],  0.00[m]
J = (20.0, 1.0, 1.0, 1.0)
M = 6, 7
0.46016959142

Inc
  double L = 0.46016959142, R = 0.72033918283;
Dec
  double L = 0.22033918283, R = 0.46016959142;
time 0.02[s],  0.00[m]
J = (20.0, 1.0, 1.0, 1.0)
M = 7, 8
0.45996717363

Inc
  double L = 0.45996717363, R = 0.71993434726;
Dec
  double L = 0.21993434726, R = 0.45996717363;
time 0.05[s],  0.00[m]
J = (20.0, 1.0, 1.0, 1.0)
M = 8, 9
0.45895110164

Inc
  double L = 0.45895110164, R = 0.71790220328;
Dec
  double L = 0.21790220328, R = 0.45895110164;
time 0.11[s],  0.00[m]
J = (20.0, 1.0, 1.0, 1.0)
M = 9, 10
0.45779414441

Inc
  double L = 0.45779414441, R = 0.71558828882;
Dec
  double L = 0.21558828882, R = 0.45779414441;
time 0.28[s],  0.00[m]
J = (20.0, 1.0, 1.0, 1.0)
M = 10, 11
0.45674651624

Inc
  double L = 0.45674651624, R = 0.71349303248;
Dec
  double L = 0.21349303248, R = 0.45674651624;
time 0.69[s],  0.01[m]
J = (20.0, 1.0, 1.0, 1.0)
M = 11, 12
0.45588078012

Inc
  double L = 0.45588078012, R = 0.71176156024;
Dec
  double L = 0.21176156024, R = 0.45588078012;
time 1.59[s],  0.03[m]
J = (20.0, 1.0, 1.0, 1.0)
M = 12, 13
0.45519720184

Inc
  double L = 0.45519720184, R = 0.71039440368;
Dec
  double L = 0.21039440368, R = 0.45519720184;
time 3.60[s],  0.06[m]
J = (20.0, 1.0, 1.0, 1.0)
M = 13, 14
0.45467022161

Inc
  double L = 0.45467022161, R = 0.70934044322;
Dec
  double L = 0.20934044322, R = 0.45467022161;
time 7.95[s],  0.13[m]
J = (20.0, 1.0, 1.0, 1.0)
M = 14, 15
0.45426863274

Inc
  double L = 0.45426863274, R = 0.70853726547;
Dec
  double L = 0.20853726547, R = 0.45426863274;
time 19.42[s],  0.32[m]
J = (20.0, 1.0, 1.0, 1.0)
M = 15, 16
0.45396368130

Inc
  double L = 0.45396368130, R = 0.70792736259;
Dec
  double L = 0.20792736259, R = 0.45396368130;
time 44.64[s],  0.74[m]
J = (20.0, 1.0, 1.0, 1.0)
M = 16, 17
0.45373165000

Inc
  double L = 0.45373165000, R = 0.70746330000;
Dec
  double L = 0.20746330000, R = 0.45373165000;
time 97.41[s],  1.62[m]
