J = (1.0, 1.0, 1.0, 100.0)
M = 4, 5
0.33073819162
Inc
  double L = 0.33073819162, R = 0.46147638324;
Dec
  double L = -0.03852361676, R = 0.33073819162;
time 0.04[s],  0.00[m]
J = (1.0, 1.0, 1.0, 100.0)
M = 5, 6
0.32939729689
Inc
  double L = 0.32939729689, R = 0.45879459379;
Dec
  double L = -0.04120540621, R = 0.32939729689;
time 0.12[s],  0.00[m]
J = (1.0, 1.0, 1.0, 100.0)
M = 6, 7
0.32952321945
Inc
  double L = 0.32952321945, R = 0.45904643890;
Dec
  double L = -0.04095356110, R = 0.32952321945;
time 0.33[s],  0.01[m]
J = (1.0, 1.0, 1.0, 100.0)
M = 7, 8
0.32938400032
Inc
  double L = 0.32938400032, R = 0.45876800065;
Dec
  double L = -0.04123199935, R = 0.32938400032;
time 0.83[s],  0.01[m]
J = (1.0, 1.0, 1.0, 100.0)
M = 8, 9
0.32935752146
Inc
  double L = 0.32935752146, R = 0.45871504292;
Dec
  double L = -0.04128495708, R = 0.32935752146;
time 2.00[s],  0.03[m]
J = (1.0, 1.0, 1.0, 100.0)
M = 9, 10
0.32932621717
Inc
  double L = 0.32932621717, R = 0.45865243434;
Dec
  double L = -0.04134756566, R = 0.32932621717;
time 4.86[s],  0.08[m]
J = (1.0, 1.0, 1.0, 100.0)
M = 10, 11
0.32930911058
Inc
  double L = 0.32930911058, R = 0.45861822116;
Dec
  double L = -0.04138177884, R = 0.32930911058;
time 11.64[s],  0.19[m]
J = (1.0, 1.0, 1.0, 100.0)
M = 11, 12
0.32929626100
Inc
  double L = 0.32929626100, R = 0.45859252201;
Dec
  double L = -0.04140747799, R = 0.32929626100;
time 26.52[s],  0.44[m]
J = (1.0, 1.0, 1.0, 100.0)
M = 12, 13
0.32928730508
Inc
  double L = 0.32928730509, R = 0.45857461017;
Dec
  double L = -0.04142538983, R = 0.32928730509;
time 59.52[s],  0.99[m]
J = (1.0, 1.0, 1.0, 100.0)
M = 13, 14
0.32928065424
Inc
  double L = 0.32928065424, R = 0.45856130848;
Dec
  double L = -0.04143869152, R = 0.32928065424;
time 129.33[s],  2.16[m]
J = (1.0, 1.0, 1.0, 100.0)
M = 14, 15
0.32927575322
Inc
  double L = 0.32927575322, R = 0.45855150644;
Dec
  double L = -0.04144849356, R = 0.32927575322;
time 274.13[s],  4.57[m]
J = (1.0, 1.0, 1.0, 100.0)
M = 15, 16
0.32927183183
Inc
  double L = 0.32927183182, R = 0.45854366365;
Dec
  double L = -0.04145633635, R = 0.32927183182;
time 638.01[s],  10.63[m]
J = (1.0, 1.0, 1.0, 100.0)
M = 16, 17
0.32926881187
Inc
  double L = 0.32926881187, R = 0.45853762374;
Dec
  double L = -0.04146237626, R = 0.32926881187;
time 1505.27[s],  25.09[m]
