J = (1.0, 2.0, 0.0)
M = 4, 5
0.55004150696

Inc
  double L = 0.55004150696, R = 0.90008301392;
Dec
  double L = 0.48008301392, R = 0.55004150696;
time 0.01[s],  0.00[m]
J = (1.0, 2.0, 0.0)
M = 5, 6
0.54855930519

Inc
  double L = 0.54855930519, R = 0.89711861038;
Dec
  double L = 0.47711861038, R = 0.54855930519;
time 0.03[s],  0.00[m]
J = (1.0, 2.0, 0.0)
M = 6, 7
0.54791323127

Inc
  double L = 0.54791323127, R = 0.89582646253;
Dec
  double L = 0.47582646253, R = 0.54791323127;
time 0.07[s],  0.00[m]
J = (1.0, 2.0, 0.0)
M = 7, 8
0.54758473089

Inc
  double L = 0.54758473089, R = 0.89516946178;
Dec
  double L = 0.47516946178, R = 0.54758473089;
time 0.22[s],  0.00[m]
J = (1.0, 2.0, 0.0)
M = 8, 9
0.54739869508

Inc
  double L = 0.54739869508, R = 0.89479739017;
Dec
  double L = 0.47479739017, R = 0.54739869508;
time 0.57[s],  0.01[m]
J = (1.0, 2.0, 0.0)
M = 9, 10
0.54728500234

Inc
  double L = 0.54728500234, R = 0.89457000468;
Dec
  double L = 0.47457000468, R = 0.54728500234;
time 1.05[s],  0.02[m]
J = (1.0, 2.0, 0.0)
M = 10, 11
0.54721143484

Inc
  double L = 0.54721143484, R = 0.89442286968;
Dec
  double L = 0.47442286968, R = 0.54721143484;
time 2.47[s],  0.04[m]
J = (1.0, 2.0, 0.0)
M = 11, 12
0.54716173430

Inc
  double L = 0.54716173430, R = 0.89432346859;
Dec
  double L = 0.47432346859, R = 0.54716173430;
time 14.80[s],  0.25[m]
J = (1.0, 2.0, 0.0)
M = 12, 13
0.54712688333

Inc
  double L = 0.54712688333, R = 0.89425376667;
Dec
  double L = 0.47425376667, R = 0.54712688333;
time 9.16[s],  0.15[m]
J = (1.0, 2.0, 0.0)
M = 13, 14
0.54710172360

Inc
  double L = 0.54710172360, R = 0.89420344720;
Dec
  double L = 0.47420344720, R = 0.54710172360;
time 20.43[s],  0.34[m]
J = (1.0, 2.0, 0.0)
M = 14, 15
0.54708310143

Inc
  double L = 0.54708310143, R = 0.89416620287;
Dec
  double L = 0.47416620287, R = 0.54708310143;
time 43.66[s],  0.73[m]
J = (1.0, 2.0, 0.0)
M = 15, 16
0.54706901712

Inc
  double L = 0.54706901712, R = 0.89413803424;
Dec
  double L = 0.47413803424, R = 0.54706901712;
time 102.62[s],  1.71[m]
J = (1.0, 2.0, 0.0)
M = 16, 17
0.54705817074

Inc
  double L = 0.54705817074, R = 0.89411634147;
Dec
  double L = 0.47411634147, R = 0.54705817074;
time 226.53[s],  3.78[m]
