J = (2.0, 2.0, 1.0, 1.0)
M = 4, 5
0.63244759025

Inc
  double L = 0.63244759025, R = 1.06489518050;
Dec
  double L = 0.56489518050, R = 0.63244759025;
time 0.01[s],  0.00[m]
J = (2.0, 2.0, 1.0, 1.0)
M = 5, 6
0.63316547653

Inc
  double L = 0.63316547653, R = 1.06633095305;
Dec
  double L = 0.56633095305, R = 0.63316547653;
time 0.03[s],  0.00[m]
J = (2.0, 2.0, 1.0, 1.0)
M = 6, 7
0.63353569480

Inc
  double L = 0.63353569480, R = 1.06707138960;
Dec
  double L = 0.56707138960, R = 0.63353569480;
time 0.09[s],  0.00[m]
J = (2.0, 2.0, 1.0, 1.0)
M = 7, 8
0.63374410710

Inc
  double L = 0.63374410710, R = 1.06748821419;
Dec
  double L = 0.56748821419, R = 0.63374410710;
time 0.27[s],  0.00[m]
J = (2.0, 2.0, 1.0, 1.0)
M = 8, 9
0.63386989940

Inc
  double L = 0.63386989940, R = 1.06773979881;
Dec
  double L = 0.56773979881, R = 0.63386989940;
time 0.75[s],  0.01[m]
J = (2.0, 2.0, 1.0, 1.0)
M = 9, 10
0.63395015038

Inc
  double L = 0.63395015038, R = 1.06790030077;
Dec
  double L = 0.56790030077, R = 0.63395015038;
time 1.39[s],  0.02[m]
J = (2.0, 2.0, 1.0, 1.0)
M = 10, 11
0.63400369142

Inc
  double L = 0.63400369142, R = 1.06800738284;
Dec
  double L = 0.56800738284, R = 0.63400369142;
time 3.44[s],  0.06[m]
J = (2.0, 2.0, 1.0, 1.0)
M = 11, 12
0.63404075138

Inc
  double L = 0.63404075138, R = 1.06808150276;
Dec
  double L = 0.56808150276, R = 0.63404075138;
time 25.49[s],  0.42[m]
J = (2.0, 2.0, 1.0, 1.0)
M = 12, 13
0.63406720432

Inc
  double L = 0.63406720432, R = 1.06813440863;
Dec
  double L = 0.56813440863, R = 0.63406720432;
time 12.20[s],  0.20[m]
J = (2.0, 2.0, 1.0, 1.0)
M = 13, 14
0.63408658402

Inc
  double L = 0.63408658402, R = 1.06817316804;
Dec
  double L = 0.56817316804, R = 0.63408658402;
time 27.48[s],  0.46[m]
J = (2.0, 2.0, 1.0, 1.0)
M = 14, 15
0.63410110474

Inc
  double L = 0.63410110474, R = 1.06820220947;
Dec
  double L = 0.56820220947, R = 0.63410110474;
time 66.45[s],  1.11[m]
J = (2.0, 2.0, 1.0, 1.0)
M = 15, 16
0.63411219213

Inc
  double L = 0.63411219213, R = 1.06822438426;
Dec
  double L = 0.56822438426, R = 0.63411219213;
time 153.45[s],  2.56[m]
J = (2.0, 2.0, 1.0, 1.0)
M = 16, 17
0.63412080815

Inc
  double L = 0.63412080815, R = 1.06824161630;
Dec
  double L = 0.56824161630, R = 0.63412080815;
time 321.23[s],  5.35[m]
