J = (1.0, 1.0, 7.0)
M = 4, 5
0.51256958633

Inc
  double L = 0.51256958633, R = 0.72513917266;
Dec
  double L = 0.40513917266, R = 0.51256958633;
time 0.01[s],  0.00[m]
J = (1.0, 1.0, 7.0)
M = 5, 6
0.51223933451

Inc
  double L = 0.51223933451, R = 0.72447866903;
Dec
  double L = 0.40447866903, R = 0.51223933451;
time 0.03[s],  0.00[m]
J = (1.0, 1.0, 7.0)
M = 6, 7
0.51207883107

Inc
  double L = 0.51207883107, R = 0.72415766214;
Dec
  double L = 0.40415766214, R = 0.51207883107;
time 0.08[s],  0.00[m]
J = (1.0, 1.0, 7.0)
M = 7, 8
0.51199168644

Inc
  double L = 0.51199168644, R = 0.72398337289;
Dec
  double L = 0.40398337289, R = 0.51199168644;
time 0.19[s],  0.00[m]
J = (1.0, 1.0, 7.0)
M = 8, 9
0.51194039294

Inc
  double L = 0.51194039294, R = 0.72388078588;
Dec
  double L = 0.40388078588, R = 0.51194039294;
time 0.47[s],  0.01[m]
J = (1.0, 1.0, 7.0)
M = 9, 10
0.51190827670

Inc
  double L = 0.51190827670, R = 0.72381655341;
Dec
  double L = 0.40381655341, R = 0.51190827670;
time 1.12[s],  0.02[m]
J = (1.0, 1.0, 7.0)
M = 10, 11
0.51188716016

Inc
  double L = 0.51188716016, R = 0.72377432031;
Dec
  double L = 0.40377432031, R = 0.51188716016;
time 2.75[s],  0.05[m]
J = (1.0, 1.0, 7.0)
M = 11, 12
0.51187271424

Inc
  double L = 0.51187271424, R = 0.72374542848;
Dec
  double L = 0.40374542848, R = 0.51187271424;
time 7.00[s],  0.12[m]
J = (1.0, 1.0, 7.0)
M = 12, 13
0.51186250150

Inc
  double L = 0.51186250150, R = 0.72372500300;
Dec
  double L = 0.40372500300, R = 0.51186250150;
time 15.53[s],  0.26[m]
J = (1.0, 1.0, 7.0)
M = 13, 14
0.51185508051

Inc
  double L = 0.51185508051, R = 0.72371016102;
Dec
  double L = 0.40371016102, R = 0.51185508051;
time 36.08[s],  0.60[m]
J = (1.0, 1.0, 7.0)
M = 14, 15
0.51184956096

Inc
  double L = 0.51184956096, R = 0.72369912192;
Dec
  double L = 0.40369912192, R = 0.51184956096;
time 67.50[s],  1.12[m]
J = (1.0, 1.0, 7.0)
M = 15, 16
0.51184535978

Inc
  double L = 0.51184535978, R = 0.72369071957;
Dec
  double L = 0.40369071957, R = 0.51184535978;
time 192.42[s],  3.21[m]
J = (1.0, 1.0, 7.0)
M = 16, 17
0.51184215546

Inc
  double L = 0.51184215546, R = 0.72368431091;
Dec
  double L = 0.40368431091, R = 0.51184215546;
time 453.02[s],  7.55[m]
