J = (1.0, 1.0, 1.0, 200.0)
M = 4, 5
0.28454384468
Inc
  double L = 0.28454384468, R = 0.36908768937;
Dec
  double L = -0.13091231063, R = 0.28454384468;
time 0.07[s],  0.00[m]
J = (1.0, 1.0, 1.0, 200.0)
M = 5, 6
0.28347129932
Inc
  double L = 0.28347129932, R = 0.36694259865;
Dec
  double L = -0.13305740135, R = 0.28347129932;
time 0.21[s],  0.00[m]
J = (1.0, 1.0, 1.0, 200.0)
M = 6, 7
0.28356418076
Inc
  double L = 0.28356418077, R = 0.36712836153;
Dec
  double L = -0.13287163847, R = 0.28356418077;
time 0.56[s],  0.01[m]
J = (1.0, 1.0, 1.0, 200.0)
M = 7, 8
0.28345267316
Inc
  double L = 0.28345267316, R = 0.36690534632;
Dec
  double L = -0.13309465368, R = 0.28345267316;
time 1.40[s],  0.02[m]
J = (1.0, 1.0, 1.0, 200.0)
M = 8, 9
0.28343077928
Inc
  double L = 0.28343077928, R = 0.36686155857;
Dec
  double L = -0.13313844143, R = 0.28343077928;
time 3.45[s],  0.06[m]
J = (1.0, 1.0, 1.0, 200.0)
M = 9, 10
0.28340567456
Inc
  double L = 0.28340567456, R = 0.36681134911;
Dec
  double L = -0.13318865089, R = 0.28340567456;
time 8.64[s],  0.14[m]
J = (1.0, 1.0, 1.0, 200.0)
M = 10, 11
0.28339180052
Inc
  double L = 0.28339180052, R = 0.36678360104;
Dec
  double L = -0.13321639896, R = 0.28339180052;
time 21.01[s],  0.35[m]
J = (1.0, 1.0, 1.0, 200.0)
M = 11, 12
0.28338117599
Inc
  double L = 0.28338117599, R = 0.36676235199;
Dec
  double L = -0.13323764801, R = 0.28338117599;
time 49.53[s],  0.83[m]
J = (1.0, 1.0, 1.0, 200.0)
M = 12, 13
0.28337462416
Inc
  double L = 0.28337462416, R = 0.36674924831;
Dec
  double L = -0.13325075169, R = 0.28337462416;
time 84.99[s],  1.42[m]
J = (1.0, 1.0, 1.0, 200.0)
M = 13, 14
0.28336827159
Inc
  double L = 0.28336827159, R = 0.36673654318;
Dec
  double L = -0.13326345682, R = 0.28336827159;
time 192.61[s],  3.21[m]
J = (1.0, 1.0, 1.0, 200.0)
M = 14, 15
0.28336495596
Inc
  double L = 0.28336495596, R = 0.36672991192;
Dec
  double L = -0.13327008808, R = 0.28336495596;
time 426.81[s],  7.11[m]
J = (1.0, 1.0, 1.0, 200.0)
M = 15, 16
0.28336162567
Inc
  double L = 0.28336162567, R = 0.36672325133;
Dec
  double L = -0.13327674867, R = 0.28336162567;
time 999.90[s],  16.66[m]
J = (1.0, 1.0, 1.0, 200.0)
M = 16, 17
0.28335963130
Inc
  double L = 0.28335963130, R = 0.36671926259;
Dec
  double L = -0.13328073741, R = 0.28335963130;
time 2343.10[s],  39.05[m]
