J = (1.0, 1.0, 100.0)
M = 4, 5
0.29006501853

Inc
  double L = 0.29006501853, R = 0.38013003707;
Dec
  double L = -0.03986996293, R = 0.29006501853;
time 0.06[s],  0.00[m]
J = (1.0, 1.0, 100.0)
M = 5, 6
0.28984588150

Inc
  double L = 0.28984588150, R = 0.37969176301;
Dec
  double L = -0.04030823699, R = 0.28984588150;
time 0.17[s],  0.00[m]
J = (1.0, 1.0, 100.0)
M = 6, 7
0.28974286359

Inc
  double L = 0.28974286359, R = 0.37948572719;
Dec
  double L = -0.04051427281, R = 0.28974286359;
time 0.52[s],  0.01[m]
J = (1.0, 1.0, 100.0)
M = 7, 8
0.28968809103

Inc
  double L = 0.28968809103, R = 0.37937618206;
Dec
  double L = -0.04062381794, R = 0.28968809103;
time 0.98[s],  0.02[m]
J = (1.0, 1.0, 100.0)
M = 8, 9
0.28965679169

Inc
  double L = 0.28965679169, R = 0.37931358338;
Dec
  double L = -0.04068641662, R = 0.28965679169;
time 3.80[s],  0.06[m]
J = (1.0, 1.0, 100.0)
M = 9, 10
0.28963676531

Inc
  double L = 0.28963676531, R = 0.37927353062;
Dec
  double L = -0.04072646938, R = 0.28963676531;
time 6.58[s],  0.11[m]
J = (1.0, 1.0, 100.0)
M = 10, 11
0.28962369518

Inc
  double L = 0.28962369518, R = 0.37924739037;
Dec
  double L = -0.04075260963, R = 0.28962369518;
time 10.44[s],  0.17[m]
J = (1.0, 1.0, 100.0)
M = 11, 12
0.28961488406

Inc
  double L = 0.28961488406, R = 0.37922976811;
Dec
  double L = -0.04077023189, R = 0.28961488406;
time 23.48[s],  0.39[m]
J = (1.0, 1.0, 100.0)
M = 12, 13
0.28960872581

Inc
  double L = 0.28960872581, R = 0.37921745162;
Dec
  double L = -0.04078254838, R = 0.28960872581;
time 53.35[s],  0.89[m]
J = (1.0, 1.0, 100.0)
M = 13, 14
0.28960428795

Inc
  double L = 0.28960428795, R = 0.37920857591;
Dec
  double L = -0.04079142409, R = 0.28960428795;
time 111.11[s],  1.85[m]
J = (1.0, 1.0, 100.0)
M = 14, 15
0.28960031192

Inc
  double L = 0.28960031192, R = 0.37920062383;
Dec
  double L = -0.04079937617, R = 0.28960031192;
time 244.19[s],  4.07[m]
J = (1.0, 1.0, 100.0)
M = 15, 16
0.28959843397

Inc
  double L = 0.28959843397, R = 0.37919686793;
Dec
  double L = -0.04080313207, R = 0.28959843397;
time 555.22[s],  9.25[m]
J = (1.0, 1.0, 100.0)
M = 16, 17
0.28959610939

Inc
  double L = 0.28959610939, R = 0.37919221878;
Dec
  double L = -0.04080778122, R = 0.28959610939;
time 1364.04[s],  22.73[m]
