J = (1.0, 1.0, 1.1)
M = 5, 6
0.60672519933

Inc
  double L = 0.60672519933, R = 0.61345039866;
Dec
  double L = 0.59345039866, R = 0.60672519933;
time 0.01[s],  0.00[m]
J = (1.0, 1.0, 1.1)
M = 6, 7
0.60667525635

Inc
  double L = 0.60667525635, R = 0.61335051270;
Dec
  double L = 0.59335051270, R = 0.60667525635;
time 0.04[s],  0.00[m]
J = (1.0, 1.0, 1.1)
M = 7, 8
0.60665907332

Inc
  double L = 0.60665907332, R = 0.61331814664;
Dec
  double L = 0.59331814664, R = 0.60665907332;
time 0.09[s],  0.00[m]
J = (1.0, 1.0, 1.1)
M = 8, 9
0.60665324902

Inc
  double L = 0.60665324902, R = 0.61330649804;
Dec
  double L = 0.59330649804, R = 0.60665324902;
time 0.22[s],  0.00[m]
J = (1.0, 1.0, 1.1)
M = 9, 10
0.60665107595

Inc
  double L = 0.60665107595, R = 0.61330215189;
Dec
  double L = 0.59330215189, R = 0.60665107595;
time 0.53[s],  0.01[m]
J = (1.0, 1.0, 1.1)
M = 10, 11
0.60665031001

Inc
  double L = 0.60665031001, R = 0.61330062002;
Dec
  double L = 0.59330062002, R = 0.60665031001;
time 1.27[s],  0.02[m]
J = (1.0, 1.0, 1.1)
M = 11, 12
0.60665011216

Inc
  double L = 0.60665011216, R = 0.61330022432;
Dec
  double L = 0.59330022432, R = 0.60665011216;
time 2.96[s],  0.05[m]
J = (1.0, 1.0, 1.1)
M = 12, 13
0.60665014457

Inc
  double L = 0.60665014457, R = 0.61330028914;
Dec
  double L = 0.59330028914, R = 0.60665014457;
time 6.72[s],  0.11[m]
J = (1.0, 1.0, 1.1)
M = 13, 14
0.60665026411

Inc
  double L = 0.60665026411, R = 0.61330052822;
Dec
  double L = 0.59330052822, R = 0.60665026411;
time 15.22[s],  0.25[m]
J = (1.0, 1.0, 1.1)
M = 14, 15
0.60665040913

Inc
  double L = 0.60665040913, R = 0.61330081826;
Dec
  double L = 0.59330081826, R = 0.60665040913;
time 32.40[s],  0.54[m]
J = (1.0, 1.0, 1.1)
M = 15, 16
0.60665055364

Inc
  double L = 0.60665055364, R = 0.61330110729;
Dec
  double L = 0.59330110729, R = 0.60665055364;
time 77.17[s],  1.29[m]
J = (1.0, 1.0, 1.1)
M = 16, 17
0.60665068695

Inc
  double L = 0.60665068695, R = 0.61330137391;
Dec
  double L = 0.59330137391, R = 0.60665068695;
time 173.69[s],  2.89[m]
