J = (1.0, 1.0, 1.0, 40.0)
M = 4, 5
0.40856461994

Inc
  double L = 0.40856461994, R = 0.61712923989;
Dec
  double L = 0.11712923989, R = 0.40856461994;
time 0.03[s],  0.00[m]
J = (1.0, 1.0, 1.0, 40.0)
M = 5, 6
0.40692966252

Inc
  double L = 0.40692966252, R = 0.61385932504;
Dec
  double L = 0.11385932504, R = 0.40692966252;
time 0.11[s],  0.00[m]
J = (1.0, 1.0, 1.0, 40.0)
M = 6, 7
0.40713602830

Inc
  double L = 0.40713602830, R = 0.61427205660;
Dec
  double L = 0.11427205660, R = 0.40713602830;
time 0.39[s],  0.01[m]
J = (1.0, 1.0, 1.0, 40.0)
M = 7, 8
0.40697271920

Inc
  double L = 0.40697271920, R = 0.61394543840;
Dec
  double L = 0.11394543840, R = 0.40697271920;
time 0.61[s],  0.01[m]
J = (1.0, 1.0, 1.0, 40.0)
M = 8, 9
0.40694728776

Inc
  double L = 0.40694728776, R = 0.61389457552;
Dec
  double L = 0.11389457552, R = 0.40694728776;
time 3.58[s],  0.06[m]
J = (1.0, 1.0, 1.0, 40.0)
M = 9, 10
0.40691175594

Inc
  double L = 0.40691175594, R = 0.61382351188;
Dec
  double L = 0.11382351188, R = 0.40691175594;
time 5.65[s],  0.09[m]
J = (1.0, 1.0, 1.0, 40.0)
M = 10, 11
0.40689255808

Inc
  double L = 0.40689255808, R = 0.61378511617;
Dec
  double L = 0.11378511617, R = 0.40689255808;
time 7.20[s],  0.12[m]
J = (1.0, 1.0, 1.0, 40.0)
M = 11, 12
0.40687787738

Inc
  double L = 0.40687787738, R = 0.61375575476;
Dec
  double L = 0.11375575476, R = 0.40687787738;
time 16.74[s],  0.28[m]
J = (1.0, 1.0, 1.0, 40.0)
M = 12, 13
0.40686757004

Inc
  double L = 0.40686757004, R = 0.61373514008;
Dec
  double L = 0.11373514008, R = 0.40686757004;
time 35.48[s],  0.59[m]
J = (1.0, 1.0, 1.0, 40.0)
M = 13, 14
0.40685986376

Inc
  double L = 0.40685986376, R = 0.61371972752;
Dec
  double L = 0.11371972752, R = 0.40685986376;
time 82.27[s],  1.37[m]
J = (1.0, 1.0, 1.0, 40.0)
M = 14, 15
0.40685405168

Inc
  double L = 0.40685405168, R = 0.61370810336;
Dec
  double L = 0.11370810336, R = 0.40685405168;
time 196.16[s],  3.27[m]
J = (1.0, 1.0, 1.0, 40.0)
M = 15, 16
0.40684958249

Inc
  double L = 0.40684958249, R = 0.61369916499;
Dec
  double L = 0.11369916499, R = 0.40684958249;
time 419.96[s],  7.00[m]
J = (1.0, 1.0, 1.0, 40.0)
M = 16, 17
0.40684606713

Inc
  double L = 0.40684606713, R = 0.61369213426;
Dec
  double L = 0.11369213426, R = 0.40684606713;
time 933.28[s],  15.55[m]
