seed = 1608486346
0.22 0.72 3.16 25.04
time 1164.88[s],  19.41[m]
0.02 0.32 4.61 12.68
time 1207.46[s],  20.12[m]
0.60 0.44 67.74 57.53
time 1167.92[s],  19.47[m]
0.73 0.28 18.59 97.31
time 1129.92[s],  18.83[m]
0.54 0.86 83.49 30.25
time 889.39[s],  14.82[m]
0.78 0.20 33.23 4.41
time 1146.65[s],  19.11[m]
0.87 0.96 49.19 32.78
time 946.25[s],  15.77[m]
0.92 0.11 77.45 99.48
time 1078.85[s],  17.98[m]
0.51 0.53 65.75 81.21
time 1054.30[s],  17.57[m]
0.85 0.23 23.31 47.56
time 854.66[s],  14.24[m]
0.38 0.57 79.80 94.31
time 977.80[s],  16.30[m]
0.94 0.42 33.38 43.39
time 1013.15[s],  16.89[m]
0.87 0.92 37.02 51.68
time 965.91[s],  16.10[m]
0.20 0.96 33.10 96.72
time 1313.82[s],  21.90[m]
0.38 0.21 40.38 4.34
time 1086.65[s],  18.11[m]
0.26 0.81 35.83 88.48
time 985.56[s],  16.43[m]
0.75 0.35 53.62 99.40
time 1058.94[s],  17.65[m]
0.25 0.51 6.39 40.33
time 1079.32[s],  17.99[m]
0.02 0.95 53.36 48.91
time 973.02[s],  16.22[m]
0.96 0.83 99.21 4.86
time 1575.81[s],  26.26[m]
