seed = 1608532142
0.98 0.71 29.23 34.98
time 848.82[s],  14.15[m]
0.67 0.71 79.29 11.96
time 1106.53[s],  18.44[m]
0.32 0.09 95.02 40.44
time 1386.26[s],  23.10[m]
0.52 0.72 39.17 14.06
time 1149.72[s],  19.16[m]
0.77 0.88 76.59 94.54
time 1037.12[s],  17.29[m]
0.04 0.73 83.79 49.71
time 1290.78[s],  21.51[m]
0.34 0.93 20.02 12.57
time 1020.32[s],  17.01[m]
0.06 0.36 75.42 32.12
time 1685.96[s],  28.10[m]
0.93 0.71 51.42 17.11
time 897.61[s],  14.96[m]
0.04 0.40 35.34 71.41
time 985.74[s],  16.43[m]
0.69 0.33 30.22 51.50
time 836.42[s],  13.94[m]
0.58 0.12 28.79 98.57
time 1368.84[s],  22.81[m]
0.22 0.45 5.39 0.46
time 1146.70[s],  19.11[m]
0.46 0.84 8.46 71.35
time 1072.69[s],  17.88[m]
0.54 0.04 58.87 92.60
time 1116.50[s],  18.61[m]
0.99 0.45 42.53 63.56
time 1072.93[s],  17.88[m]
0.29 0.29 95.81 9.11
time 1478.30[s],  24.64[m]
0.68 0.36 5.74 32.55
time 1337.65[s],  22.29[m]
0.39 0.60 86.13 25.77
time 1497.02[s],  24.95[m]
0.92 0.63 0.18 90.10
time 4197.68[s],  69.96[m]
