seed = 1608782839
0.95 72.76 0.95 0.72
time 3203.31[s],  53.39[m]
0.24 82.36 0.60 0.28
time 1301.75[s],  21.70[m]
0.01 36.72 0.42 0.50
time 4012.31[s],  66.87[m]
0.20 84.21 0.28 0.46
time 5332.12[s],  88.87[m]
0.21 28.30 0.46 0.29
time 3233.78[s],  53.90[m]
0.66 35.25 0.18 0.89
time 2764.68[s],  46.08[m]
0.05 99.30 0.16 0.91
time 1211.62[s],  20.19[m]
0.81 37.54 0.22 0.59
time 2989.66[s],  49.83[m]
0.47 47.55 0.11 0.09
time 4769.27[s],  79.49[m]
0.65 18.20 0.21 0.19
time 2388.95[s],  39.82[m]
0.49 38.86 0.63 0.56
time 3087.99[s],  51.47[m]
0.78 17.83 0.18 0.19
time 2236.27[s],  37.27[m]
0.50 15.42 0.02 0.63
time 2236.47[s],  37.27[m]
0.71 8.84 0.23 0.43
time 1496.14[s],  24.94[m]
0.69 65.01 0.66 0.60
time 4010.60[s],  66.84[m]
0.61 27.21 0.40 0.04
time 3221.47[s],  53.69[m]
0.87 51.08 0.57 0.61
time 3093.10[s],  51.55[m]
0.21 93.21 0.52 0.80
time 4919.60[s],  81.99[m]
0.51 43.97 0.92 0.25
time 3145.43[s],  52.42[m]
0.95 82.08 0.16 0.68
time 4446.05[s],  74.10[m]
