seed = 1608999821
0.83 36.93 0.99 0.58
time 2290.01[s],  38.17[m]
0.79 17.94 0.43 0.85
time 1829.66[s],  30.49[m]
0.41 20.20 0.67 0.68
time 2225.35[s],  37.09[m]
0.82 19.53 0.42 0.72
time 1916.59[s],  31.94[m]
0.12 63.88 0.29 0.39
time 1178.50[s],  19.64[m]
0.22 45.27 0.35 0.94
time 3250.51[s],  54.18[m]
0.47 78.68 0.43 0.88
time 3963.96[s],  66.07[m]
0.95 22.32 0.87 0.70
time 2077.43[s],  34.62[m]
0.12 5.18 0.76 0.16
time 1468.88[s],  24.48[m]
0.45 38.64 0.00 0.62
time 3815.50[s],  63.59[m]
0.34 24.83 0.59 0.02
time 3071.88[s],  51.20[m]
0.62 35.40 0.55 0.12
time 3153.37[s],  52.56[m]
0.01 17.00 0.25 0.20
time 3538.72[s],  58.98[m]
0.50 82.28 0.56 0.10
time 4617.73[s],  76.96[m]
0.91 15.97 0.83 0.71
time 1463.82[s],  24.40[m]
0.46 40.56 0.83 0.79
time 3176.63[s],  52.94[m]
0.20 18.43 0.70 0.08
time 2730.21[s],  45.50[m]
0.04 58.62 0.02 0.51
time 1298.79[s],  21.65[m]
0.16 82.95 0.95 0.28
time 4776.35[s],  79.61[m]
0.84 33.43 0.88 0.38
time 2290.84[s],  38.18[m]
