seed = 1608723091
0.36 0.96 0.67 14.71
time 1264.14[s],  21.07[m]
0.56 0.42 0.86 63.41
time 2587.37[s],  43.12[m]
0.18 0.89 0.44 37.21
time 2540.82[s],  42.35[m]
0.41 0.52 0.60 9.30
time 1401.54[s],  23.36[m]
0.91 0.21 0.62 53.97
time 2586.83[s],  43.11[m]
0.11 0.82 0.39 88.40
time 3958.22[s],  65.97[m]
0.56 0.50 0.24 91.67
time 4540.64[s],  75.68[m]
0.84 0.56 0.98 66.71
time 2485.59[s],  41.43[m]
0.28 0.32 0.24 95.90
time 5534.28[s],  92.24[m]
0.20 0.87 0.35 73.54
time 3778.08[s],  62.97[m]
0.66 0.07 0.91 85.00
time 3084.13[s],  51.40[m]
