seed = 1608913474
0.10 2.21 0.95 0.23
time 1224.94[s],  20.42[m]
0.45 2.73 0.67 0.74
time 1139.05[s],  18.98[m]
0.53 3.20 0.74 0.51
time 1335.08[s],  22.25[m]
0.05 6.39 0.25 0.50
time 2030.27[s],  33.84[m]
0.60 1.13 0.32 0.58
time 695.83[s],  11.60[m]
0.48 4.13 0.31 0.16
time 1488.73[s],  24.81[m]
0.94 9.58 0.57 0.77
time 1355.46[s],  22.59[m]
0.52 8.19 0.68 0.16
time 1449.60[s],  24.16[m]
0.97 1.68 0.11 0.44
time 1381.91[s],  23.03[m]
0.28 9.37 0.25 0.20
time 2170.73[s],  36.18[m]
0.31 0.67 0.77 0.50
time 808.40[s],  13.47[m]
0.86 8.31 0.46 0.48
time 1499.71[s],  25.00[m]
0.51 3.94 0.59 0.69
time 1335.90[s],  22.27[m]
0.22 4.67 0.93 0.09
time 1366.30[s],  22.77[m]
0.67 1.11 0.36 0.27
time 1496.72[s],  24.95[m]
0.74 3.44 0.08 0.68
time 1066.93[s],  17.78[m]
0.09 8.45 0.66 0.09
time 2093.05[s],  34.88[m]
0.42 3.08 0.43 0.36
time 1033.59[s],  17.23[m]
0.39 7.02 0.13 0.41
time 2039.08[s],  33.98[m]
0.96 4.73 0.89 0.31
time 1131.61[s],  18.86[m]
0.59 6.61 0.69 0.84
time 1457.29[s],  24.29[m]
0.26 8.02 0.63 0.02
time 560.40[s],  9.34[m]
0.70 9.60 0.48 0.61
time 1479.42[s],  24.66[m]
0.76 4.16 0.37 0.77
time 1398.43[s],  23.31[m]
0.77 4.94 0.19 0.37
time 1896.49[s],  31.61[m]
0.96 8.04 0.52 0.51
time 1715.34[s],  28.59[m]
0.46 8.12 0.46 0.60
time 1436.78[s],  23.95[m]
0.68 4.70 0.78 0.75
time 1607.93[s],  26.80[m]
0.38 7.47 0.85 0.71
time 1961.46[s],  32.69[m]
0.60 6.64 0.42 0.41
time 1604.05[s],  26.73[m]
0.72 2.30 0.99 0.91
time 796.03[s],  13.27[m]
0.17 6.72 0.26 0.23
time 2097.89[s],  34.96[m]
0.28 7.75 0.30 0.48
time 703.46[s],  11.72[m]
0.76 8.53 0.77 0.13
time 1420.81[s],  23.68[m]
0.70 4.56 0.53 0.89
time 1205.01[s],  20.08[m]
0.08 4.77 0.53 0.21
time 1495.95[s],  24.93[m]
0.89 5.68 0.72 0.95
time 1058.79[s],  17.65[m]
0.52 0.29 0.47 0.45
time 720.06[s],  12.00[m]
0.89 9.78 0.65 0.04
time 1430.08[s],  23.83[m]
0.52 0.05 0.43 0.45
time 2316.85[s],  38.61[m]
0.73 3.46 0.30 0.82
time 1546.83[s],  25.78[m]
0.29 7.50 0.86 0.88
time 1566.67[s],  26.11[m]
0.60 1.46 0.36 0.46
time 1148.83[s],  19.15[m]
0.45 3.55 0.28 0.97
time 1475.87[s],  24.60[m]
0.39 3.78 0.97 0.32
time 1390.37[s],  23.17[m]
0.98 1.64 0.60 0.67
time 955.93[s],  15.93[m]
0.23 5.18 0.60 0.44
time 1529.78[s],  25.50[m]
0.94 5.18 0.56 0.90
time 1002.28[s],  16.70[m]
0.11 8.39 0.30 0.83
time 1508.64[s],  25.14[m]
0.92 2.89 0.24 0.91
time 1804.12[s],  30.07[m]
