seed = 1609184382
0.13 0.14 0.69 0.40
time 673.11[s],  11.22[m]
0.62 0.31 0.15 0.21
time 1566.34[s],  26.11[m]
0.38 0.58 0.92 0.17
time 793.64[s],  13.23[m]
0.33 0.18 0.47 0.12
time 1068.03[s],  17.80[m]
0.67 0.58 0.51 0.72
time 903.79[s],  15.06[m]
0.22 0.28 0.97 0.17
time 990.53[s],  16.51[m]
0.34 0.50 0.65 0.22
time 819.09[s],  13.65[m]
0.42 0.29 0.24 0.07
time 6583.92[s],  109.73[m]
0.19 0.95 0.88 0.87
time 741.18[s],  12.35[m]
0.97 0.21 0.77 0.69
time 670.31[s],  11.17[m]
0.63 0.61 0.94 0.67
time 788.90[s],  13.15[m]
0.91 0.78 0.48 0.91
time 728.37[s],  12.14[m]
0.68 0.66 0.78 0.43
time 938.43[s],  15.64[m]
0.39 0.24 0.64 0.01
time 1292.89[s],  21.55[m]
0.19 0.11 0.79 0.29
time 757.02[s],  12.62[m]
0.03 0.47 0.87 0.88
time 731.49[s],  12.19[m]
0.77 0.76 0.45 0.65
time 824.25[s],  13.74[m]
0.69 0.76 0.57 0.08
time 2856.27[s],  47.60[m]
0.68 0.46 0.83 0.43
time 1145.33[s],  19.09[m]
0.31 1.00 0.65 0.85
time 746.69[s],  12.44[m]
0.09 0.14 0.54 0.76
time 664.93[s],  11.08[m]
0.65 0.23 0.70 0.72
time 643.21[s],  10.72[m]
0.47 0.03 0.26 0.73
time 776.58[s],  12.94[m]
0.86 0.54 0.41 0.06
time 2231.94[s],  37.20[m]
0.37 0.15 0.88 0.75
time 624.43[s],  10.41[m]
0.36 0.69 0.86 0.34
time 829.91[s],  13.83[m]
0.72 0.91 0.62 0.42
time 917.46[s],  15.29[m]
0.53 0.65 0.59 0.29
time 748.42[s],  12.47[m]
0.86 0.72 0.08 0.93
time 1642.39[s],  27.37[m]
0.68 0.94 0.52 0.03
time 1938.36[s],  32.31[m]
0.81 0.01 0.87 0.82
time 753.64[s],  12.56[m]
0.85 0.53 0.28 0.31
time 2193.34[s],  36.56[m]
0.56 0.30 0.68 0.72
time 1021.58[s],  17.03[m]
0.66 0.92 0.78 0.13
time 1274.91[s],  21.25[m]
0.07 0.48 0.63 0.78
time 761.37[s],  12.69[m]
0.72 0.05 0.04 0.81
time 3163.93[s],  52.73[m]
0.54 0.20 0.65 0.64
time 877.89[s],  14.63[m]
0.54 0.16 0.44 0.03
time 3037.13[s],  50.62[m]
0.99 0.09 0.64 0.23
time 3055.28[s],  50.92[m]
0.83 0.01 0.17 0.83
time 1674.55[s],  27.91[m]
0.95 0.45 0.53 0.88
time 1101.71[s],  18.36[m]
0.65 0.36 0.59 0.18
time 883.02[s],  14.72[m]
0.08 0.42 0.17 0.32
time 773.24[s],  12.89[m]
