seed = 1609010206
0.67 25.11 0.61 64.11
time 3104.71[s],  51.75[m]
0.49 16.06 0.87 77.36
time 1481.33[s],  24.69[m]
0.19 39.87 0.67 36.31
time 1386.26[s],  23.10[m]
0.15 96.57 0.54 12.79
time 2279.74[s],  38.00[m]
0.66 14.87 0.02 4.43
time 2003.10[s],  33.38[m]
0.77 68.87 0.37 93.74
time 1628.09[s],  27.13[m]
0.47 44.89 0.29 25.90
time 1193.10[s],  19.88[m]
0.63 59.34 0.17 91.94
time 1204.95[s],  20.08[m]
0.52 49.89 0.36 40.34
time 1149.50[s],  19.16[m]
0.12 67.65 0.61 69.37
time 1270.11[s],  21.17[m]
