1.00 1.00 20.00 20.00
time 1070.93[s],  17.85[m]
1.00 1.00 50.00 50.00
time 958.91[s],  15.98[m]
1.00 1.00 100.00 100.00
time 1316.91[s],  21.95[m]
1.00 1.00 1.00 2.00
time 1320.27[s],  22.00[m]
1.00 1.00 1.00 5.00
time 1870.51[s],  31.18[m]
1.00 1.00 1.00 10.00
time 1028.62[s],  17.14[m]
1.00 1.00 1.00 20.00
time 1470.38[s],  24.51[m]
1.00 1.00 1.00 50.00
time 1995.49[s],  33.26[m]
1.00 1.00 1.00 100.00
time 2710.58[s],  45.18[m]
1.00 2.00 1.00 1.00
time 1424.70[s],  23.75[m]
1.00 5.00 1.00 1.00
time 1932.44[s],  32.21[m]
1.00 10.00 1.00 1.00
time 1147.03[s],  19.12[m]
1.00 20.00 1.00 1.00
time 1639.99[s],  27.33[m]
1.00 50.00 1.00 1.00
time 2452.70[s],  40.88[m]
1.00 100.00 1.00 1.00
time 3401.12[s],  56.69[m]
