seed = 1608898082
0.40 4.68 0.66 4.31
time 1362.74[s],  22.71[m]
0.71 8.50 0.92 7.67
time 1168.61[s],  19.48[m]
0.22 4.97 0.83 9.83
time 1128.71[s],  18.81[m]
0.54 5.76 0.03 4.09
time 1200.86[s],  20.01[m]
0.12 8.62 0.54 4.54
time 1179.70[s],  19.66[m]
0.05 3.97 0.22 6.59
time 1243.33[s],  20.72[m]
0.65 9.02 0.78 8.10
time 1302.76[s],  21.71[m]
0.19 4.45 0.97 9.80
time 1160.14[s],  19.34[m]
0.52 7.10 0.06 5.55
time 1028.75[s],  17.15[m]
0.10 0.65 0.24 3.22
time 1273.92[s],  21.23[m]
0.43 5.63 0.36 4.46
time 1067.00[s],  17.78[m]
0.13 2.22 0.47 0.86
time 1209.26[s],  20.15[m]
0.10 2.86 0.69 2.11
time 998.75[s],  16.65[m]
0.87 8.42 0.74 4.64
time 1205.21[s],  20.09[m]
0.63 3.94 0.75 6.26
time 1147.66[s],  19.13[m]
0.89 3.66 0.76 7.41
time 1300.04[s],  21.67[m]
0.23 9.59 0.70 9.06
time 1168.20[s],  19.47[m]
0.07 6.11 0.37 0.61
time 1460.21[s],  24.34[m]
0.16 6.11 0.39 2.86
time 1182.12[s],  19.70[m]
0.90 1.88 0.10 8.95
time 1765.94[s],  29.43[m]
0.23 4.87 0.40 0.75
time 1339.22[s],  22.32[m]
0.37 5.27 0.14 9.67
time 1172.21[s],  19.54[m]
0.05 1.90 0.71 8.23
time 1097.39[s],  18.29[m]
0.00 7.75 0.71 7.60
time 1166.96[s],  19.45[m]
0.90 7.20 0.97 9.15
time 1174.21[s],  19.57[m]
0.65 8.91 0.76 8.15
time 1124.60[s],  18.74[m]
0.36 2.29 0.67 2.09
time 786.00[s],  13.10[m]
0.79 8.94 0.35 2.83
time 1461.41[s],  24.36[m]
0.91 9.03 0.04 7.07
time 1326.03[s],  22.10[m]
0.16 8.93 0.74 0.96
time 1645.26[s],  27.42[m]
0.75 5.49 0.92 1.71
time 1266.94[s],  21.12[m]
0.46 10.00 0.12 7.84
time 1173.01[s],  19.55[m]
0.60 5.53 0.66 5.26
time 1434.04[s],  23.90[m]
0.86 8.87 0.65 3.63
time 1473.70[s],  24.56[m]
0.55 9.42 0.43 9.57
time 1184.95[s],  19.75[m]
0.50 7.40 0.26 8.48
time 1127.65[s],  18.79[m]
0.99 6.39 0.32 6.25
time 1125.75[s],  18.76[m]
0.41 5.01 0.18 2.48
time 1170.34[s],  19.51[m]
0.80 2.91 0.46 7.40
time 1022.69[s],  17.04[m]
0.69 9.95 0.56 3.57
time 1346.03[s],  22.43[m]
0.88 7.04 0.88 1.32
time 1773.17[s],  29.55[m]
0.73 5.01 0.51 9.12
time 1102.07[s],  18.37[m]
0.44 3.15 0.51 1.69
time 1097.77[s],  18.30[m]
0.08 7.38 0.11 7.54
time 1157.74[s],  19.30[m]
0.62 2.85 0.11 0.16
time 1786.66[s],  29.78[m]
0.19 4.66 0.12 1.35
time 1999.96[s],  33.33[m]
0.84 1.56 0.16 7.09
time 1284.71[s],  21.41[m]
0.84 3.25 0.76 4.46
time 1462.11[s],  24.37[m]
0.42 4.56 0.42 5.29
time 1239.20[s],  20.65[m]
0.62 9.01 0.50 8.72
time 1061.62[s],  17.69[m]
