seed = 1608901296
0.13 0.67 0.72 6.11
time 1039.64[s],  17.33[m]
0.95 0.03 2.76 8.16
time 1028.91[s],  17.15[m]
0.80 0.25 8.00 7.56
time 600.48[s],  10.01[m]
0.93 0.65 3.30 8.35
time 637.89[s],  10.63[m]
0.72 0.56 2.45 3.22
time 670.27[s],  11.17[m]
0.79 0.71 9.34 8.49
time 642.64[s],  10.71[m]
0.55 0.41 4.32 4.38
time 624.91[s],  10.42[m]
0.73 0.95 4.52 5.52
time 650.04[s],  10.83[m]
0.13 0.88 7.46 1.63
time 920.98[s],  15.35[m]
0.12 0.88 5.52 5.39
time 638.37[s],  10.64[m]
0.10 0.85 0.93 7.30
time 1259.63[s],  20.99[m]
0.96 0.90 3.79 8.61
time 698.17[s],  11.64[m]
0.13 0.68 8.29 7.06
time 640.46[s],  10.67[m]
0.06 0.36 9.77 1.31
time 1167.26[s],  19.45[m]
0.93 0.76 4.90 8.49
time 690.96[s],  11.52[m]
0.91 0.23 7.32 4.70
time 631.32[s],  10.52[m]
0.28 0.26 7.20 9.95
time 844.09[s],  14.07[m]
0.54 0.85 8.67 0.91
time 1286.98[s],  21.45[m]
0.88 0.66 0.80 5.84
time 988.72[s],  16.48[m]
0.77 0.77 7.80 4.64
time 644.99[s],  10.75[m]
0.85 0.11 2.19 4.47
time 681.89[s],  11.36[m]
0.41 0.38 8.12 3.68
time 1060.70[s],  17.68[m]
0.58 0.07 7.51 3.93
time 1145.75[s],  19.10[m]
0.50 0.57 5.61 5.04
time 612.80[s],  10.21[m]
0.29 0.10 6.50 4.29
time 1097.09[s],  18.28[m]
0.39 0.04 2.89 4.65
time 1206.12[s],  20.10[m]
0.01 0.15 4.37 9.62
time 815.96[s],  13.60[m]
0.93 0.61 0.20 8.89
time 1394.22[s],  23.24[m]
0.05 0.87 5.86 6.05
time 628.72[s],  10.48[m]
0.63 0.05 0.18 4.78
time 1404.05[s],  23.40[m]
0.13 0.46 4.04 6.47
time 872.07[s],  14.53[m]
0.88 1.00 9.85 3.44
time 896.43[s],  14.94[m]
0.19 0.89 0.93 5.03
time 899.94[s],  15.00[m]
0.02 0.17 3.18 1.58
time 984.06[s],  16.40[m]
0.57 0.58 1.79 3.49
time 662.96[s],  11.05[m]
0.17 0.23 5.65 6.31
time 1090.06[s],  18.17[m]
0.03 0.92 5.56 5.94
time 677.43[s],  11.29[m]
0.12 0.89 7.34 7.77
time 758.46[s],  12.64[m]
0.89 0.52 1.51 3.53
time 753.09[s],  12.55[m]
0.67 0.91 9.22 9.25
time 645.00[s],  10.75[m]
0.07 0.89 2.06 1.61
time 714.36[s],  11.91[m]
0.90 0.89 0.48 7.58
time 1153.51[s],  19.23[m]
0.17 0.97 3.32 7.88
time 1102.90[s],  18.38[m]
0.45 0.61 3.68 9.30
time 1045.55[s],  17.43[m]
0.14 0.77 1.96 1.90
time 668.73[s],  11.15[m]
0.50 0.50 1.79 6.41
time 922.99[s],  15.38[m]
0.55 0.50 1.89 0.07
time 1455.12[s],  24.25[m]
0.49 0.43 0.29 0.00
time 4420.56[s],  73.68[m]
0.73 0.53 4.27 2.78
time 637.97[s],  10.63[m]
0.93 0.96 5.13 1.03
time 856.05[s],  14.27[m]
