seed = 1609013802
0.20 0.98 95.98 3.12
time 1726.83[s],  28.78[m]
0.45 0.86 51.69 0.08
time 3589.02[s],  59.82[m]
0.08 0.92 32.12 26.55
time 947.13[s],  15.79[m]
0.44 0.29 26.43 67.93
time 1029.90[s],  17.17[m]
0.27 0.54 28.85 97.46
time 1480.11[s],  24.67[m]
0.17 0.92 51.49 66.03
time 1099.56[s],  18.33[m]
0.71 0.45 32.79 14.12
time 935.59[s],  15.59[m]
0.85 0.92 86.08 80.38
time 930.52[s],  15.51[m]
0.59 0.37 78.64 65.05
time 984.88[s],  16.41[m]
0.30 0.09 81.76 14.47
time 1267.35[s],  21.12[m]
