seed = 1608845942
0.28 0.66 0.78 7.71
time 1726.44[s],  28.77[m]
0.45 0.74 0.32 5.21
time 1328.88[s],  22.15[m]
0.57 0.72 0.28 0.75
time 653.17[s],  10.89[m]
0.86 0.53 0.66 4.39
time 1738.53[s],  28.98[m]
0.48 0.55 0.70 7.64
time 1294.71[s],  21.58[m]
0.57 0.08 0.68 5.60
time 1524.89[s],  25.41[m]
0.21 0.29 0.79 4.66
time 1233.56[s],  20.56[m]
0.57 0.97 0.29 4.46
time 945.25[s],  15.75[m]
0.05 0.56 0.28 0.70
time 738.35[s],  12.31[m]
0.25 0.70 0.90 7.39
time 1095.44[s],  18.26[m]
0.21 0.93 0.97 0.53
time 690.15[s],  11.50[m]
0.92 0.06 0.10 3.52
time 1924.16[s],  32.07[m]
0.52 0.22 0.10 0.44
time 955.76[s],  15.93[m]
0.95 0.19 0.01 3.79
time 1650.28[s],  27.50[m]
0.08 0.40 0.65 3.62
time 1101.14[s],  18.35[m]
0.22 0.51 0.11 9.72
time 1755.23[s],  29.25[m]
0.74 0.46 0.58 4.01
time 1109.68[s],  18.49[m]
0.87 0.98 0.20 8.63
time 1508.91[s],  25.15[m]
0.78 0.08 0.65 2.93
time 1008.26[s],  16.80[m]
0.51 0.43 0.88 9.47
time 1125.85[s],  18.76[m]
0.00 0.42 0.81 4.18
time 890.50[s],  14.84[m]
0.76 0.62 0.01 3.51
time 1450.07[s],  24.17[m]
0.99 0.10 0.98 0.11
time 2786.90[s],  46.45[m]
0.66 0.29 0.75 4.59
time 906.82[s],  15.11[m]
0.46 0.56 0.70 6.87
time 1916.27[s],  31.94[m]
0.46 0.19 0.49 5.53
time 1193.22[s],  19.89[m]
0.93 0.42 0.92 1.80
time 999.81[s],  16.66[m]
0.96 0.19 0.95 4.37
time 960.92[s],  16.02[m]
0.73 0.75 0.19 7.67
time 1491.76[s],  24.86[m]
0.89 0.08 0.48 2.03
time 1499.03[s],  24.98[m]
0.84 0.94 0.53 7.48
time 1373.21[s],  22.89[m]
0.88 0.33 0.26 6.40
time 1236.23[s],  20.60[m]
0.74 0.98 0.78 8.79
time 1687.30[s],  28.12[m]
0.81 0.59 0.50 8.74
time 1770.70[s],  29.51[m]
0.63 0.22 0.15 2.52
time 1589.99[s],  26.50[m]
0.13 0.75 0.31 5.82
time 1777.42[s],  29.62[m]
0.15 0.06 0.42 8.76
time 1941.24[s],  32.35[m]
0.27 0.78 0.09 7.64
time 1449.67[s],  24.16[m]
0.63 0.41 0.15 3.90
time 1627.28[s],  27.12[m]
0.77 0.17 0.31 0.43
time 6676.72[s],  111.28[m]
0.99 0.60 0.28 3.22
time 1546.52[s],  25.78[m]
0.85 0.61 0.14 9.42
time 1355.18[s],  22.59[m]
0.78 0.02 0.01 8.97
time 2232.56[s],  37.21[m]
0.67 0.76 0.77 4.51
time 1336.85[s],  22.28[m]
0.85 0.89 0.29 5.03
time 1518.84[s],  25.31[m]
0.59 1.00 0.63 9.17
time 2003.33[s],  33.39[m]
0.20 0.01 0.10 3.86
time 1810.40[s],  30.17[m]
0.54 0.56 0.42 9.21
time 1242.33[s],  20.71[m]
0.39 0.01 0.10 9.48
time 2059.57[s],  34.33[m]
0.55 0.79 0.49 2.97
time 1029.61[s],  17.16[m]
