seed = 1608568609
0.64 16.25 0.37 65.72
time 1766.58[s],  29.44[m]
0.63 57.74 0.69 84.50
time 1114.89[s],  18.58[m]
0.10 33.09 0.46 84.91
time 2560.63[s],  42.68[m]
0.73 76.98 0.58 23.01
time 1405.70[s],  23.43[m]
0.23 73.88 0.84 51.37
time 1206.05[s],  20.10[m]
0.73 31.06 0.11 73.73
time 1552.39[s],  25.87[m]
0.29 66.65 0.06 59.05
time 1266.10[s],  21.10[m]
0.80 84.79 0.29 90.37
time 1281.99[s],  21.37[m]
0.60 48.36 0.82 73.61
time 1110.85[s],  18.51[m]
0.30 70.54 0.05 77.38
time 1251.75[s],  20.86[m]
1.00 62.45 0.31 52.47
time 1185.66[s],  19.76[m]
0.03 83.31 0.47 25.79
time 2075.70[s],  34.59[m]
0.70 67.25 0.45 46.56
time 1190.44[s],  19.84[m]
0.72 49.43 0.16 59.39
time 1285.01[s],  21.42[m]
0.06 63.93 0.24 71.12
time 1159.22[s],  19.32[m]
0.54 10.79 0.96 30.10
time 1559.83[s],  26.00[m]
0.73 32.41 0.84 36.56
time 1060.92[s],  17.68[m]
0.14 55.68 0.13 91.00
time 1187.85[s],  19.80[m]
0.70 75.18 0.69 36.82
time 1238.58[s],  20.64[m]
0.18 14.16 0.85 30.04
time 1417.80[s],  23.63[m]
0.71 81.28 0.45 54.89
time 1173.73[s],  19.56[m]
0.50 13.64 0.84 88.50
time 1491.21[s],  24.85[m]
0.17 11.50 0.62 54.10
time 1770.75[s],  29.51[m]
1.00 0.32 0.59 88.34
time 3333.21[s],  55.55[m]
0.87 62.39 0.64 11.22
time 1539.63[s],  25.66[m]
0.22 74.50 0.41 2.99
time 3130.99[s],  52.18[m]
0.03 92.87 0.49 8.30
time 2098.74[s],  34.98[m]
0.07 36.42 0.03 87.66
time 2067.01[s],  34.45[m]
0.98 29.53 0.34 63.53
time 1263.35[s],  21.06[m]
0.00 82.62 0.42 13.17
time 1558.36[s],  25.97[m]
0.70 12.75 0.08 65.82
time 1576.10[s],  26.27[m]
0.11 72.04 0.47 17.11
time 1575.90[s],  26.27[m]
0.08 23.59 0.72 54.97
time 1494.12[s],  24.90[m]
0.01 34.44 0.66 43.29
time 1342.15[s],  22.37[m]
0.55 27.45 0.89 56.54
time 1536.47[s],  25.61[m]
0.63 0.11 0.74 8.00
time 1349.37[s],  22.49[m]
0.34 31.10 0.83 38.05
time 1514.31[s],  25.24[m]
0.59 38.49 0.78 26.20
time 1127.15[s],  18.79[m]
0.22 3.40 0.81 20.20
time 1830.38[s],  30.51[m]
0.91 77.53 0.42 34.64
time 1181.72[s],  19.70[m]
