seed = 1608913385
3.85 9.98 0.79 0.15
time 1371.08[s],  22.85[m]
0.54 5.64 0.02 0.68
time 1572.74[s],  26.21[m]
9.71 8.25 0.64 0.07
time 1723.17[s],  28.72[m]
1.51 5.04 0.17 0.96
time 1908.16[s],  31.80[m]
7.86 4.06 0.05 0.21
time 644.24[s],  10.74[m]
0.63 1.75 0.78 0.28
time 1286.00[s],  21.43[m]
6.47 3.86 0.39 0.67
time 1468.18[s],  24.47[m]
0.17 5.15 0.92 0.50
time 1496.14[s],  24.94[m]
8.66 9.89 0.35 0.36
time 3015.01[s],  50.25[m]
0.02 1.99 0.08 0.05
time 2297.93[s],  38.30[m]
3.50 5.64 0.21 0.46
time 1398.51[s],  23.31[m]
6.31 3.09 0.45 0.44
time 1010.33[s],  16.84[m]
7.23 1.53 0.34 0.48
time 372.36[s],  6.21[m]
8.66 2.65 0.95 0.54
time 574.77[s],  9.58[m]
7.46 5.49 0.33 0.60
time 1742.61[s],  29.04[m]
4.25 0.91 0.35 0.91
time 690.60[s],  11.51[m]
6.75 0.50 0.26 0.92
time 292.47[s],  4.87[m]
0.48 4.75 0.21 0.20
time 1398.57[s],  23.31[m]
2.25 6.12 0.40 0.40
time 3292.36[s],  54.87[m]
0.70 7.16 0.45 0.47
time 1567.38[s],  26.12[m]
1.34 3.38 0.21 0.82
time 1091.56[s],  18.19[m]
6.59 7.97 0.77 0.14
time 1900.28[s],  31.67[m]
5.71 3.84 0.28 0.57
time 1519.31[s],  25.32[m]
5.23 9.52 0.30 0.68
time 1192.37[s],  19.87[m]
2.59 3.05 0.80 0.48
time 5340.23[s],  89.00[m]
7.15 8.44 0.53 0.19
time 3305.48[s],  55.09[m]
8.36 4.30 0.28 0.54
time 922.91[s],  15.38[m]
3.24 3.65 0.16 0.36
time 3407.85[s],  56.80[m]
7.36 3.47 0.51 0.38
time 670.44[s],  11.17[m]
0.24 7.81 0.40 0.08
time 2123.94[s],  35.40[m]
6.33 7.05 0.24 0.28
time 2800.83[s],  46.68[m]
1.96 7.66 0.52 0.19
time 1870.44[s],  31.17[m]
3.77 8.67 0.65 0.19
time 1203.59[s],  20.06[m]
5.91 4.56 0.32 0.22
time 1677.52[s],  27.96[m]
7.87 0.64 0.27 0.91
time 270.94[s],  4.52[m]
3.55 8.69 0.09 0.98
time 1708.47[s],  28.47[m]
6.93 0.39 0.11 0.38
time 347.20[s],  5.79[m]
2.48 2.26 0.10 0.87
time 1467.35[s],  24.46[m]
7.53 0.41 0.05 0.50
time 310.84[s],  5.18[m]
9.76 4.53 0.98 0.57
time 934.45[s],  15.57[m]
4.26 6.56 0.38 0.95
time 1454.30[s],  24.24[m]
7.16 4.27 0.22 0.75
time 1180.42[s],  19.67[m]
7.48 7.75 0.54 0.02
time 2403.90[s],  40.06[m]
3.66 6.28 0.74 0.65
time 3102.52[s],  51.71[m]
9.79 2.78 0.34 0.70
time 441.71[s],  7.36[m]
6.86 4.95 0.45 0.08
time 1039.98[s],  17.33[m]
7.88 1.54 0.91 0.22
time 374.89[s],  6.25[m]
2.05 5.79 0.89 0.33
time 1536.07[s],  25.60[m]
4.14 5.48 0.52 0.38
time 1348.20[s],  22.47[m]
0.42 2.63 0.75 0.96
time 1205.17[s],  20.09[m]
