J = (1.0, 1.0, 1.0, 1.0)
M = 4, 5
0.65317171101
Inc
  double L = 0.65317171101, R = 1.10634342202;
Dec
  double L = 0.60634342202, R = 0.65317171101;
time 0.01[s],  0.00[m]
J = (1.0, 1.0, 1.0, 1.0)
M = 5, 6
0.65485111226
Inc
  double L = 0.65485111225, R = 1.10970222451;
Dec
  double L = 0.60970222451, R = 0.65485111225;
time 0.03[s],  0.00[m]
J = (1.0, 1.0, 1.0, 1.0)
M = 6, 7
0.65572705857
Inc
  double L = 0.65572705857, R = 1.11145411713;
Dec
  double L = 0.61145411713, R = 0.65572705857;
time 0.11[s],  0.00[m]
J = (1.0, 1.0, 1.0, 1.0)
M = 7, 8
0.65622158992
Inc
  double L = 0.65622158992, R = 1.11244317984;
Dec
  double L = 0.61244317984, R = 0.65622158992;
time 0.39[s],  0.01[m]
J = (1.0, 1.0, 1.0, 1.0)
M = 8, 9
0.65652152907
Inc
  double L = 0.65652152907, R = 1.11304305814;
Dec
  double L = 0.61304305814, R = 0.65652152907;
time 1.06[s],  0.02[m]
J = (1.0, 1.0, 1.0, 1.0)
M = 9, 10
0.65671358470
Inc
  double L = 0.65671358470, R = 1.11342716939;
Dec
  double L = 0.61342716939, R = 0.65671358470;
time 1.87[s],  0.03[m]
J = (1.0, 1.0, 1.0, 1.0)
M = 10, 11
0.65684209509
Inc
  double L = 0.65684209509, R = 1.11368419017;
Dec
  double L = 0.61368419017, R = 0.65684209509;
time 4.55[s],  0.08[m]
J = (1.0, 1.0, 1.0, 1.0)
M = 11, 12
0.65693125076
Inc
  double L = 0.65693125075, R = 1.11386250151;
Dec
  double L = 0.61386250151, R = 0.65693125075;
time 37.49[s],  0.62[m]
J = (1.0, 1.0, 1.0, 1.0)
M = 12, 13
0.65699500291
Inc
  double L = 0.65699500291, R = 1.11399000582;
Dec
  double L = 0.61399000582, R = 0.65699500291;
time 13.06[s],  0.22[m]
J = (1.0, 1.0, 1.0, 1.0)
M = 13, 14
0.65704177491
Inc
  double L = 0.65704177490, R = 1.11408354981;
Dec
  double L = 0.61408354981, R = 0.65704177490;
time 30.44[s],  0.51[m]
J = (1.0, 1.0, 1.0, 1.0)
M = 14, 15
0.65707685422
Inc
  double L = 0.65707685422, R = 1.11415370844;
Dec
  double L = 0.61415370844, R = 0.65707685422;
time 72.95[s],  1.22[m]
J = (1.0, 1.0, 1.0, 1.0)
M = 15, 16
0.65710367337
Inc
  double L = 0.65710367337, R = 1.11420734674;
Dec
  double L = 0.61420734674, R = 0.65710367337;
time 172.23[s],  2.87[m]
J = (1.0, 1.0, 1.0, 1.0)
M = 16, 17
0.65712452103
Inc
  double L = 0.65712452103, R = 1.11424904205;
Dec
  double L = 0.61424904205, R = 0.65712452103;
time 347.74[s],  5.80[m]
