J = (30.0, 1.0, 1.0, 1.0)
M = 4, 5
0.38466446568

Inc
  double L = 0.38466446568, R = 0.56932893136;
Dec
  double L = 0.06932893136, R = 0.38466446568;
time 0.00[s],  0.00[m]
J = (30.0, 1.0, 1.0, 1.0)
M = 5, 6
0.40616723813

Inc
  double L = 0.40616723813, R = 0.61233447626;
Dec
  double L = 0.11233447626, R = 0.40616723813;
time 0.01[s],  0.00[m]
J = (30.0, 1.0, 1.0, 1.0)
M = 6, 7
0.41551441014

Inc
  double L = 0.41551441014, R = 0.63102882029;
Dec
  double L = 0.13102882029, R = 0.41551441014;
time 0.02[s],  0.00[m]
J = (30.0, 1.0, 1.0, 1.0)
M = 7, 8
0.41924981757

Inc
  double L = 0.41924981757, R = 0.63849963515;
Dec
  double L = 0.13849963515, R = 0.41924981757;
time 0.04[s],  0.00[m]
J = (30.0, 1.0, 1.0, 1.0)
M = 8, 9
0.42036895121

Inc
  double L = 0.42036895121, R = 0.64073790243;
Dec
  double L = 0.14073790243, R = 0.42036895121;
time 0.09[s],  0.00[m]
J = (30.0, 1.0, 1.0, 1.0)
M = 9, 10
0.42028461718

Inc
  double L = 0.42028461718, R = 0.64056923437;
Dec
  double L = 0.14056923437, R = 0.42028461718;
time 0.24[s],  0.00[m]
J = (30.0, 1.0, 1.0, 1.0)
M = 10, 11
0.41968483220

Inc
  double L = 0.41968483220, R = 0.63936966439;
Dec
  double L = 0.13936966439, R = 0.41968483220;
time 0.56[s],  0.01[m]
J = (30.0, 1.0, 1.0, 1.0)
M = 11, 12
0.41890900790

Inc
  double L = 0.41890900790, R = 0.63781801580;
Dec
  double L = 0.13781801580, R = 0.41890900790;
time 1.32[s],  0.02[m]
J = (30.0, 1.0, 1.0, 1.0)
M = 12, 13
0.41812185398

Inc
  double L = 0.41812185398, R = 0.63624370795;
Dec
  double L = 0.13624370795, R = 0.41812185398;
time 3.00[s],  0.05[m]
J = (30.0, 1.0, 1.0, 1.0)
M = 13, 14
0.41739826104

Inc
  double L = 0.41739826104, R = 0.63479652208;
Dec
  double L = 0.13479652208, R = 0.41739826104;
time 6.69[s],  0.11[m]
J = (30.0, 1.0, 1.0, 1.0)
M = 14, 15
0.41676666008

Inc
  double L = 0.41676666008, R = 0.63353332017;
Dec
  double L = 0.13353332017, R = 0.41676666008;
time 16.22[s],  0.27[m]
J = (30.0, 1.0, 1.0, 1.0)
M = 15, 16
0.41623191454

Inc
  double L = 0.41623191454, R = 0.63246382908;
Dec
  double L = 0.13246382908, R = 0.41623191454;
time 37.06[s],  0.62[m]
J = (30.0, 1.0, 1.0, 1.0)
M = 16, 17
0.41578762732

Inc
  double L = 0.41578762732, R = 0.63157525464;
Dec
  double L = 0.13157525464, R = 0.41578762732;
time 81.95[s],  1.37[m]
