J = (1.0, 1.0, 1.0, 300.0)
M = 4, 5
0.26193693733
Inc
  double L = 0.26193693733, R = 0.32387387465;
Dec
  double L = -0.17612612535, R = 0.26193693733;
time 0.11[s],  0.00[m]
J = (1.0, 1.0, 1.0, 300.0)
M = 5, 6
0.26100187248
Inc
  double L = 0.26100187248, R = 0.32200374496;
Dec
  double L = -0.17799625504, R = 0.26100187248;
time 0.32[s],  0.01[m]
J = (1.0, 1.0, 1.0, 300.0)
M = 6, 7
0.26108111504
Inc
  double L = 0.26108111504, R = 0.32216223008;
Dec
  double L = -0.17783776992, R = 0.26108111504;
time 0.87[s],  0.01[m]
J = (1.0, 1.0, 1.0, 300.0)
M = 7, 8
0.26098395845
Inc
  double L = 0.26098395845, R = 0.32196791690;
Dec
  double L = -0.17803208310, R = 0.26098395845;
time 2.49[s],  0.04[m]
J = (1.0, 1.0, 1.0, 300.0)
M = 8, 9
0.26096470167
Inc
  double L = 0.26096470167, R = 0.32192940333;
Dec
  double L = -0.17807059667, R = 0.26096470167;
time 4.22[s],  0.07[m]
J = (1.0, 1.0, 1.0, 300.0)
M = 9, 10
0.26094312668
Inc
  double L = 0.26094312668, R = 0.32188625336;
Dec
  double L = -0.17811374664, R = 0.26094312668;
time 9.44[s],  0.16[m]
J = (1.0, 1.0, 1.0, 300.0)
M = 10, 11
0.26093097205
Inc
  double L = 0.26093097205, R = 0.32186194409;
Dec
  double L = -0.17813805591, R = 0.26093097205;
time 25.56[s],  0.43[m]
J = (1.0, 1.0, 1.0, 300.0)
M = 11, 12
0.26092178355
Inc
  double L = 0.26092178355, R = 0.32184356710;
Dec
  double L = -0.17815643290, R = 0.26092178355;
time 49.25[s],  0.82[m]
J = (1.0, 1.0, 1.0, 300.0)
M = 12, 13
0.26091582893
Inc
  double L = 0.26091582893, R = 0.32183165786;
Dec
  double L = -0.17816834214, R = 0.26091582893;
time 109.38[s],  1.82[m]
J = (1.0, 1.0, 1.0, 300.0)
M = 13, 14
0.26091177464
Inc
  double L = 0.26091177464, R = 0.32182354927;
Dec
  double L = -0.17817645073, R = 0.26091177464;
time 271.92[s],  4.53[m]
J = (1.0, 1.0, 1.0, 300.0)
M = 14, 15
0.26090724055
Inc
  double L = 0.26090724055, R = 0.32181448109;
Dec
  double L = -0.17818551891, R = 0.26090724055;
time 573.20[s],  9.55[m]
J = (1.0, 1.0, 1.0, 300.0)
M = 15, 16
0.26090449866
Inc
  double L = 0.26090449866, R = 0.32180899733;
Dec
  double L = -0.17819100267, R = 0.26090449866;
time 1312.34[s],  21.87[m]
J = (1.0, 1.0, 1.0, 300.0)
M = 16, 17
0.26090274691
Inc
  double L = 0.26090274691, R = 0.32180549382;
Dec
  double L = -0.17819450618, R = 0.26090274691;
time 3040.63[s],  50.68[m]
