J = (1.0, 1.0, 1.6)
M = 4, 5
0.60209496845

Inc
  double L = 0.60209496845, R = 1.00418993691;
Dec
  double L = 0.58418993691, R = 0.60209496845;
time 0.01[s],  0.00[m]
J = (1.0, 1.0, 1.6)
M = 5, 6
0.60202147610

Inc
  double L = 0.60202147610, R = 1.00404295220;
Dec
  double L = 0.58404295220, R = 0.60202147610;
time 0.03[s],  0.00[m]
J = (1.0, 1.0, 1.6)
M = 6, 7
0.60201022116

Inc
  double L = 0.60201022116, R = 1.00402044232;
Dec
  double L = 0.58402044232, R = 0.60201022116;
time 0.10[s],  0.00[m]
J = (1.0, 1.0, 1.6)
M = 7, 8
0.60201090066

Inc
  double L = 0.60201090066, R = 1.00402180132;
Dec
  double L = 0.58402180132, R = 0.60201090066;
time 0.38[s],  0.01[m]
J = (1.0, 1.0, 1.6)
M = 8, 9
0.60201362291

Inc
  double L = 0.60201362291, R = 1.00402724582;
Dec
  double L = 0.58402724582, R = 0.60201362291;
time 0.54[s],  0.01[m]
J = (1.0, 1.0, 1.6)
M = 9, 10
0.60201626180

Inc
  double L = 0.60201626180, R = 1.00403252359;
Dec
  double L = 0.58403252359, R = 0.60201626180;
time 1.68[s],  0.03[m]
J = (1.0, 1.0, 1.6)
M = 10, 11
0.60201841923

Inc
  double L = 0.60201841923, R = 1.00403683845;
Dec
  double L = 0.58403683845, R = 0.60201841923;
time 3.31[s],  0.06[m]
J = (1.0, 1.0, 1.6)
M = 11, 12
0.60202010334

Inc
  double L = 0.60202010334, R = 1.00404020668;
Dec
  double L = 0.58404020668, R = 0.60202010334;
time 4.17[s],  0.07[m]
J = (1.0, 1.0, 1.6)
M = 12, 13
0.60202140371

Inc
  double L = 0.60202140371, R = 1.00404280741;
Dec
  double L = 0.58404280741, R = 0.60202140371;
time 10.28[s],  0.17[m]
J = (1.0, 1.0, 1.6)
M = 13, 14
0.60202240993

Inc
  double L = 0.60202240993, R = 1.00404481986;
Dec
  double L = 0.58404481986, R = 0.60202240993;
time 23.97[s],  0.40[m]
J = (1.0, 1.0, 1.6)
M = 14, 15
0.60202319458

Inc
  double L = 0.60202319458, R = 1.00404638917;
Dec
  double L = 0.58404638917, R = 0.60202319458;
time 53.26[s],  0.89[m]
J = (1.0, 1.0, 1.6)
M = 15, 16
0.60202381227

Inc
  double L = 0.60202381227, R = 1.00404762455;
Dec
  double L = 0.58404762455, R = 0.60202381227;
time 122.14[s],  2.04[m]
J = (1.0, 1.0, 1.6)
M = 16, 17
0.60202430356

Inc
  double L = 0.60202430356, R = 1.00404860713;
Dec
  double L = 0.58404860713, R = 0.60202430356;
time 245.91[s],  4.10[m]
