J = (1.0, 3.0, 0.0)
M = 4, 5
0.52167136321

Inc
  double L = 0.52167136321, R = 0.84334272642;
Dec
  double L = 0.42334272642, R = 0.52167136321;
time 0.01[s],  0.00[m]
J = (1.0, 3.0, 0.0)
M = 5, 6
0.52064583965

Inc
  double L = 0.52064583965, R = 0.84129167931;
Dec
  double L = 0.42129167931, R = 0.52064583965;
time 0.03[s],  0.00[m]
J = (1.0, 3.0, 0.0)
M = 6, 7
0.52018726783

Inc
  double L = 0.52018726783, R = 0.84037453567;
Dec
  double L = 0.42037453567, R = 0.52018726783;
time 0.08[s],  0.00[m]
J = (1.0, 3.0, 0.0)
M = 7, 8
0.51994938914

Inc
  double L = 0.51994938914, R = 0.83989877828;
Dec
  double L = 0.41989877828, R = 0.51994938914;
time 0.24[s],  0.00[m]
J = (1.0, 3.0, 0.0)
M = 8, 9
0.51981312938

Inc
  double L = 0.51981312938, R = 0.83962625877;
Dec
  double L = 0.41962625877, R = 0.51981312938;
time 0.61[s],  0.01[m]
J = (1.0, 3.0, 0.0)
M = 9, 10
0.51972931071

Inc
  double L = 0.51972931071, R = 0.83945862141;
Dec
  double L = 0.41945862141, R = 0.51972931071;
time 1.15[s],  0.02[m]
J = (1.0, 3.0, 0.0)
M = 10, 11
0.51967487194

Inc
  double L = 0.51967487194, R = 0.83934974387;
Dec
  double L = 0.41934974387, R = 0.51967487194;
time 2.80[s],  0.05[m]
J = (1.0, 3.0, 0.0)
M = 11, 12
0.51963795988

Inc
  double L = 0.51963795988, R = 0.83927591976;
Dec
  double L = 0.41927591976, R = 0.51963795988;
time 16.61[s],  0.28[m]
J = (1.0, 3.0, 0.0)
M = 12, 13
0.51961203924

Inc
  double L = 0.51961203924, R = 0.83922407847;
Dec
  double L = 0.41922407847, R = 0.51961203924;
time 11.00[s],  0.18[m]
J = (1.0, 3.0, 0.0)
M = 13, 14
0.51959329855

Inc
  double L = 0.51959329855, R = 0.83918659711;
Dec
  double L = 0.41918659711, R = 0.51959329855;
time 23.74[s],  0.40[m]
J = (1.0, 3.0, 0.0)
M = 14, 15
0.51957941105

Inc
  double L = 0.51957941105, R = 0.83915882210;
Dec
  double L = 0.41915882210, R = 0.51957941105;
time 51.78[s],  0.86[m]
J = (1.0, 3.0, 0.0)
M = 15, 16
0.51956889995

Inc
  double L = 0.51956889995, R = 0.83913779990;
Dec
  double L = 0.41913779990, R = 0.51956889995;
time 119.16[s],  1.99[m]
J = (1.0, 3.0, 0.0)
M = 16, 17
0.51956079776

Inc
  double L = 0.51956079776, R = 0.83912159552;
Dec
  double L = 0.41912159552, R = 0.51956079776;
time 277.99[s],  4.63[m]
