J = (50.0, 1.0, 1.0, 50.0)
M = 4, 5
0.57984408229

Inc
  double L = 0.57984408229, R = 0.95968816459;
Dec
  double L = 0.45968816459, R = 0.57984408229;
time 0.01[s],  0.00[m]
J = (50.0, 1.0, 1.0, 50.0)
M = 5, 6
0.57747032030

Inc
  double L = 0.57747032030, R = 0.95494064059;
Dec
  double L = 0.45494064059, R = 0.57747032030;
time 0.02[s],  0.00[m]
J = (50.0, 1.0, 1.0, 50.0)
M = 6, 7
0.57639346217

Inc
  double L = 0.57639346217, R = 0.95278692435;
Dec
  double L = 0.45278692435, R = 0.57639346217;
time 0.06[s],  0.00[m]
J = (50.0, 1.0, 1.0, 50.0)
M = 7, 8
0.57585319362

Inc
  double L = 0.57585319362, R = 0.95170638724;
Dec
  double L = 0.45170638724, R = 0.57585319362;
time 0.17[s],  0.00[m]
J = (50.0, 1.0, 1.0, 50.0)
M = 8, 9
0.57555315824

Inc
  double L = 0.57555315824, R = 0.95110631647;
Dec
  double L = 0.45110631647, R = 0.57555315824;
time 0.41[s],  0.01[m]
J = (50.0, 1.0, 1.0, 50.0)
M = 9, 10
0.57537231216

Inc
  double L = 0.57537231216, R = 0.95074462433;
Dec
  double L = 0.45074462433, R = 0.57537231216;
time 1.12[s],  0.02[m]
J = (50.0, 1.0, 1.0, 50.0)
M = 10, 11
0.57525631205

Inc
  double L = 0.57525631205, R = 0.95051262410;
Dec
  double L = 0.45051262410, R = 0.57525631205;
time 2.99[s],  0.05[m]
J = (50.0, 1.0, 1.0, 50.0)
M = 11, 12
0.57517827360

Inc
  double L = 0.57517827360, R = 0.95035654720;
Dec
  double L = 0.45035654720, R = 0.57517827360;
time 7.95[s],  0.13[m]
J = (50.0, 1.0, 1.0, 50.0)
M = 12, 13
0.57512375830

Inc
  double L = 0.57512375830, R = 0.95024751661;
Dec
  double L = 0.45024751661, R = 0.57512375830;
time 16.16[s],  0.27[m]
J = (50.0, 1.0, 1.0, 50.0)
M = 13, 14
0.57508448891

Inc
  double L = 0.57508448891, R = 0.95016897783;
Dec
  double L = 0.45016897783, R = 0.57508448891;
time 29.41[s],  0.49[m]
J = (50.0, 1.0, 1.0, 50.0)
M = 14, 15
0.57505546831

Inc
  double L = 0.57505546831, R = 0.95011093661;
Dec
  double L = 0.45011093661, R = 0.57505546831;
time 65.09[s],  1.08[m]
J = (50.0, 1.0, 1.0, 50.0)
M = 15, 16
0.57503354974

Inc
  double L = 0.57503354975, R = 0.95006709949;
Dec
  double L = 0.45006709949, R = 0.57503354975;
time 125.78[s],  2.10[m]
J = (50.0, 1.0, 1.0, 50.0)
M = 16, 17
0.57501668185

Inc
  double L = 0.57501668185, R = 0.95003336369;
Dec
  double L = 0.45003336369, R = 0.57501668185;
time 285.42[s],  4.76[m]
