J = (1.0, 1.0, 1.5)
M = 4, 5
0.60340065635

Inc
  double L = 0.60340065635, R = 1.00680131271;
Dec
  double L = 0.58680131271, R = 0.60340065635;
time 0.01[s],  0.00[m]
J = (1.0, 1.0, 1.5)
M = 5, 6
0.60331775635

Inc
  double L = 0.60331775635, R = 1.00663551269;
Dec
  double L = 0.58663551269, R = 0.60331775635;
time 0.03[s],  0.00[m]
J = (1.0, 1.0, 1.5)
M = 6, 7
0.60330422522

Inc
  double L = 0.60330422522, R = 1.00660845044;
Dec
  double L = 0.58660845044, R = 0.60330422522;
time 0.10[s],  0.00[m]
J = (1.0, 1.0, 1.5)
M = 7, 8
0.60330434523

Inc
  double L = 0.60330434522, R = 1.00660869045;
Dec
  double L = 0.58660869045, R = 0.60330434522;
time 0.37[s],  0.01[m]
J = (1.0, 1.0, 1.5)
M = 8, 9
0.60330697001

Inc
  double L = 0.60330697001, R = 1.00661394003;
Dec
  double L = 0.58661394003, R = 0.60330697001;
time 0.86[s],  0.01[m]
J = (1.0, 1.0, 1.5)
M = 9, 10
0.60330964144

Inc
  double L = 0.60330964144, R = 1.00661928288;
Dec
  double L = 0.58661928288, R = 0.60330964144;
time 1.64[s],  0.03[m]
J = (1.0, 1.0, 1.5)
M = 10, 11
0.60331186288

Inc
  double L = 0.60331186288, R = 1.00662372576;
Dec
  double L = 0.58662372576, R = 0.60331186288;
time 3.26[s],  0.05[m]
J = (1.0, 1.0, 1.5)
M = 11, 12
0.60331361202

Inc
  double L = 0.60331361202, R = 1.00662722405;
Dec
  double L = 0.58662722405, R = 0.60331361202;
time 4.11[s],  0.07[m]
J = (1.0, 1.0, 1.5)
M = 12, 13
0.60331496966

Inc
  double L = 0.60331496966, R = 1.00662993932;
Dec
  double L = 0.58662993932, R = 0.60331496966;
time 10.29[s],  0.17[m]
J = (1.0, 1.0, 1.5)
M = 13, 14
0.60331602961

Inc
  double L = 0.60331602961, R = 1.00663205922;
Dec
  double L = 0.58663205922, R = 0.60331602961;
time 23.86[s],  0.40[m]
J = (1.0, 1.0, 1.5)
M = 14, 15
0.60331684796

Inc
  double L = 0.60331684796, R = 1.00663369592;
Dec
  double L = 0.58663369592, R = 0.60331684796;
time 52.89[s],  0.88[m]
J = (1.0, 1.0, 1.5)
M = 15, 16
0.60331749742

Inc
  double L = 0.60331749742, R = 1.00663499484;
Dec
  double L = 0.58663499484, R = 0.60331749742;
time 102.33[s],  1.71[m]
J = (1.0, 1.0, 1.5)
M = 16, 17
0.60331801482

Inc
  double L = 0.60331801482, R = 1.00663602964;
Dec
  double L = 0.58663602964, R = 0.60331801482;
time 243.04[s],  4.05[m]
