J = (1.0, 1.0, 10.0)
M = 4, 5
0.47911507132

Inc
  double L = 0.47911507133, R = 0.65823014265;
Dec
  double L = 0.33823014265, R = 0.47911507133;
time 0.01[s],  0.00[m]
J = (1.0, 1.0, 10.0)
M = 5, 6
0.47874635434

Inc
  double L = 0.47874635434, R = 0.65749270868;
Dec
  double L = 0.33749270868, R = 0.47874635434;
time 0.03[s],  0.00[m]
J = (1.0, 1.0, 10.0)
M = 6, 7
0.47856820144

Inc
  double L = 0.47856820144, R = 0.65713640287;
Dec
  double L = 0.33713640287, R = 0.47856820144;
time 0.09[s],  0.00[m]
J = (1.0, 1.0, 10.0)
M = 7, 8
0.47847192866

Inc
  double L = 0.47847192866, R = 0.65694385732;
Dec
  double L = 0.33694385732, R = 0.47847192866;
time 0.22[s],  0.00[m]
J = (1.0, 1.0, 10.0)
M = 8, 9
0.47841545769

Inc
  double L = 0.47841545769, R = 0.65683091537;
Dec
  double L = 0.33683091537, R = 0.47841545769;
time 0.52[s],  0.01[m]
J = (1.0, 1.0, 10.0)
M = 9, 10
0.47838018887

Inc
  double L = 0.47838018888, R = 0.65676037775;
Dec
  double L = 0.33676037775, R = 0.47838018888;
time 1.24[s],  0.02[m]
J = (1.0, 1.0, 10.0)
M = 10, 11
0.47835704303

Inc
  double L = 0.47835704303, R = 0.65671408607;
Dec
  double L = 0.33671408607, R = 0.47835704303;
time 3.05[s],  0.05[m]
J = (1.0, 1.0, 10.0)
M = 11, 12
0.47834106445

Inc
  double L = 0.47834106445, R = 0.65668212891;
Dec
  double L = 0.33668212891, R = 0.47834106445;
time 7.06[s],  0.12[m]
J = (1.0, 1.0, 10.0)
M = 12, 13
0.47833006561

Inc
  double L = 0.47833006561, R = 0.65666013121;
Dec
  double L = 0.33666013121, R = 0.47833006561;
time 16.03[s],  0.27[m]
J = (1.0, 1.0, 10.0)
M = 13, 14
0.47832196236

Inc
  double L = 0.47832196236, R = 0.65664392471;
Dec
  double L = 0.33664392471, R = 0.47832196236;
time 36.11[s],  0.60[m]
J = (1.0, 1.0, 10.0)
M = 14, 15
0.47831593142

Inc
  double L = 0.47831593141, R = 0.65663186283;
Dec
  double L = 0.33663186283, R = 0.47831593141;
time 75.07[s],  1.25[m]
J = (1.0, 1.0, 10.0)
M = 15, 16
0.47831135797

Inc
  double L = 0.47831135797, R = 0.65662271595;
Dec
  double L = 0.33662271595, R = 0.47831135797;
time 178.12[s],  2.97[m]
J = (1.0, 1.0, 10.0)
M = 16, 17
0.47830783867

Inc
  double L = 0.47830783867, R = 0.65661567735;
Dec
  double L = 0.33661567735, R = 0.47830783867;
time 411.76[s],  6.86[m]
