J = (40.0, 1.0, 1.0, 1.0)
M = 4, 5
0.32890365729

Inc
  double L = 0.32890365729, R = 0.45780731459;
Dec
  double L = -0.04219268541, R = 0.32890365729;
time 0.00[s],  0.00[m]
J = (40.0, 1.0, 1.0, 1.0)
M = 5, 6
0.36183535861

Inc
  double L = 0.36183535861, R = 0.52367071722;
Dec
  double L = 0.02367071722, R = 0.36183535861;
time 0.01[s],  0.00[m]
J = (40.0, 1.0, 1.0, 1.0)
M = 6, 7
0.37878553136

Inc
  double L = 0.37878553136, R = 0.55757106272;
Dec
  double L = 0.05757106272, R = 0.37878553136;
time 0.01[s],  0.00[m]
J = (40.0, 1.0, 1.0, 1.0)
M = 7, 8
0.38727995210

Inc
  double L = 0.38727995210, R = 0.57455990420;
Dec
  double L = 0.07455990420, R = 0.38727995210;
time 0.03[s],  0.00[m]
J = (40.0, 1.0, 1.0, 1.0)
M = 8, 9
0.39137964326

Inc
  double L = 0.39137964326, R = 0.58275928653;
Dec
  double L = 0.08275928653, R = 0.39137964326;
time 0.08[s],  0.00[m]
J = (40.0, 1.0, 1.0, 1.0)
M = 9, 10
0.39316009757

Inc
  double L = 0.39316009757, R = 0.58632019513;
Dec
  double L = 0.08632019513, R = 0.39316009757;
time 0.20[s],  0.00[m]
J = (40.0, 1.0, 1.0, 1.0)
M = 10, 11
0.39370801618

Inc
  double L = 0.39370801618, R = 0.58741603236;
Dec
  double L = 0.08741603236, R = 0.39370801618;
time 0.47[s],  0.01[m]
J = (40.0, 1.0, 1.0, 1.0)
M = 11, 12
0.39361076743

Inc
  double L = 0.39361076743, R = 0.58722153485;
Dec
  double L = 0.08722153485, R = 0.39361076743;
time 1.10[s],  0.02[m]
J = (40.0, 1.0, 1.0, 1.0)
M = 12, 13
0.39319338681

Inc
  double L = 0.39319338681, R = 0.58638677362;
Dec
  double L = 0.08638677362, R = 0.39319338681;
time 2.54[s],  0.04[m]
J = (40.0, 1.0, 1.0, 1.0)
M = 13, 14
0.39263764637

Inc
  double L = 0.39263764637, R = 0.58527529274;
Dec
  double L = 0.08527529274, R = 0.39263764637;
time 5.57[s],  0.09[m]
J = (40.0, 1.0, 1.0, 1.0)
M = 14, 15
0.39204458717

Inc
  double L = 0.39204458717, R = 0.58408917434;
Dec
  double L = 0.08408917434, R = 0.39204458717;
time 13.41[s],  0.22[m]
J = (40.0, 1.0, 1.0, 1.0)
M = 15, 16
0.39146874658

Inc
  double L = 0.39146874658, R = 0.58293749316;
Dec
  double L = 0.08293749316, R = 0.39146874658;
time 30.73[s],  0.51[m]
J = (40.0, 1.0, 1.0, 1.0)
M = 16, 17
0.39093756858

Inc
  double L = 0.39093756858, R = 0.58187513716;
Dec
  double L = 0.08187513716, R = 0.39093756858;
time 67.79[s],  1.13[m]
