J = (10.0, 1.0, 1.0, 1.0)
M = 4, 5
0.52964322737

Inc
  double L = 0.52964322737, R = 0.85928645474;
Dec
  double L = 0.35928645474, R = 0.52964322737;
time 0.00[s],  0.00[m]
J = (10.0, 1.0, 1.0, 1.0)
M = 5, 6
0.52858172528

Inc
  double L = 0.52858172528, R = 0.85716345056;
Dec
  double L = 0.35716345056, R = 0.52858172528;
time 0.01[s],  0.00[m]
J = (10.0, 1.0, 1.0, 1.0)
M = 6, 7
0.52676693764

Inc
  double L = 0.52676693764, R = 0.85353387527;
Dec
  double L = 0.35353387527, R = 0.52676693764;
time 0.03[s],  0.00[m]
J = (10.0, 1.0, 1.0, 1.0)
M = 7, 8
0.52530122633

Inc
  double L = 0.52530122633, R = 0.85060245266;
Dec
  double L = 0.35060245266, R = 0.52530122633;
time 0.07[s],  0.00[m]
J = (10.0, 1.0, 1.0, 1.0)
M = 8, 9
0.52429551016

Inc
  double L = 0.52429551016, R = 0.84859102032;
Dec
  double L = 0.34859102032, R = 0.52429551016;
time 0.17[s],  0.00[m]
J = (10.0, 1.0, 1.0, 1.0)
M = 9, 10
0.52364268346

Inc
  double L = 0.52364268345, R = 0.84728536691;
Dec
  double L = 0.34728536691, R = 0.52364268345;
time 0.43[s],  0.01[m]
J = (10.0, 1.0, 1.0, 1.0)
M = 10, 11
0.52322423285

Inc
  double L = 0.52322423285, R = 0.84644846570;
Dec
  double L = 0.34644846570, R = 0.52322423285;
time 1.04[s],  0.02[m]
J = (10.0, 1.0, 1.0, 1.0)
M = 11, 12
0.52295335225

Inc
  double L = 0.52295335225, R = 0.84590670451;
Dec
  double L = 0.34590670451, R = 0.52295335225;
time 2.45[s],  0.04[m]
J = (10.0, 1.0, 1.0, 1.0)
M = 12, 13
0.52277404230

Inc
  double L = 0.52277404230, R = 0.84554808460;
Dec
  double L = 0.34554808460, R = 0.52277404230;
time 5.54[s],  0.09[m]
J = (10.0, 1.0, 1.0, 1.0)
M = 13, 14
0.52265193371

Inc
  double L = 0.52265193371, R = 0.84530386742;
Dec
  double L = 0.34530386742, R = 0.52265193371;
time 12.13[s],  0.20[m]
J = (10.0, 1.0, 1.0, 1.0)
M = 14, 15
0.52256624553

Inc
  double L = 0.52256624553, R = 0.84513249105;
Dec
  double L = 0.34513249105, R = 0.52256624553;
time 30.27[s],  0.50[m]
J = (10.0, 1.0, 1.0, 1.0)
M = 15, 16
0.52250435364

Inc
  double L = 0.52250435364, R = 0.84500870727;
Dec
  double L = 0.34500870727, R = 0.52250435364;
time 65.71[s],  1.10[m]
J = (10.0, 1.0, 1.0, 1.0)
M = 16, 17
0.52245846054

Inc
  double L = 0.52245846054, R = 0.84491692108;
Dec
  double L = 0.34491692108, R = 0.52245846054;
time 153.82[s],  2.56[m]
