J = (100.0, 1.0, 1.0, 1.0)
M = 4, 5
0.20000000000

Inc
  double L = 0.20000000000, R = 0.20000000000;
Dec
  double L = -0.30000000000, R = 0.20000000000;
time 0.00[s],  0.00[m]
J = (100.0, 1.0, 1.0, 1.0)
M = 5, 6
0.20000000000

Inc
  double L = 0.20000000000, R = 0.20000000000;
Dec
  double L = -0.30000000000, R = 0.20000000000;
time 0.00[s],  0.00[m]
J = (100.0, 1.0, 1.0, 1.0)
M = 6, 7
0.21328930432

Inc
  double L = 0.21328930432, R = 0.22657860863;
Dec
  double L = -0.27342139137, R = 0.21328930432;
time 0.01[s],  0.00[m]
J = (100.0, 1.0, 1.0, 1.0)
M = 7, 8
0.24244159459

Inc
  double L = 0.24244159459, R = 0.28488318918;
Dec
  double L = -0.21511681082, R = 0.24244159459;
time 0.03[s],  0.00[m]
J = (100.0, 1.0, 1.0, 1.0)
M = 8, 9
0.26601103654

Inc
  double L = 0.26601103654, R = 0.33202207308;
Dec
  double L = -0.16797792692, R = 0.26601103654;
time 0.06[s],  0.00[m]
J = (100.0, 1.0, 1.0, 1.0)
M = 9, 10
0.28324469216

Inc
  double L = 0.28324469216, R = 0.36648938433;
Dec
  double L = -0.13351061567, R = 0.28324469216;
time 0.14[s],  0.00[m]
J = (100.0, 1.0, 1.0, 1.0)
M = 10, 11
0.29523212129

Inc
  double L = 0.29523212129, R = 0.39046424258;
Dec
  double L = -0.10953575742, R = 0.29523212129;
time 0.31[s],  0.01[m]
J = (100.0, 1.0, 1.0, 1.0)
M = 11, 12
0.30345373965

Inc
  double L = 0.30345373965, R = 0.40690747930;
Dec
  double L = -0.09309252070, R = 0.30345373965;
time 0.71[s],  0.01[m]
J = (100.0, 1.0, 1.0, 1.0)
M = 12, 13
0.30909106910

Inc
  double L = 0.30909106910, R = 0.41818213821;
Dec
  double L = -0.08181786179, R = 0.30909106910;
time 1.58[s],  0.03[m]
J = (100.0, 1.0, 1.0, 1.0)
M = 13, 14
0.31296279402

Inc
  double L = 0.31296279402, R = 0.42592558805;
Dec
  double L = -0.07407441195, R = 0.31296279402;
time 3.50[s],  0.06[m]
J = (100.0, 1.0, 1.0, 1.0)
M = 14, 15
0.31561721313

Inc
  double L = 0.31561721313, R = 0.43123442626;
Dec
  double L = -0.06876557374, R = 0.31561721313;
time 8.29[s],  0.14[m]
J = (100.0, 1.0, 1.0, 1.0)
M = 15, 16
0.31742218025

Inc
  double L = 0.31742218025, R = 0.43484436050;
Dec
  double L = -0.06515563950, R = 0.31742218025;
time 18.81[s],  0.31[m]
J = (100.0, 1.0, 1.0, 1.0)
M = 16, 17
0.31862781397

Inc
  double L = 0.31862781397, R = 0.43725562794;
Dec
  double L = -0.06274437206, R = 0.31862781397;
time 41.41[s],  0.69[m]
