J = (1.0, 1.0, 1.0, 10.0)
M = 4, 5
0.55193593798

Inc
  double L = 0.55193593798, R = 0.90387187596;
Dec
  double L = 0.40387187596, R = 0.55193593798;
time 0.01[s],  0.00[m]
J = (1.0, 1.0, 1.0, 10.0)
M = 5, 6
0.55112459368

Inc
  double L = 0.55112459368, R = 0.90224918736;
Dec
  double L = 0.40224918736, R = 0.55112459368;
time 0.04[s],  0.00[m]
J = (1.0, 1.0, 1.0, 10.0)
M = 6, 7
0.55164902843

Inc
  double L = 0.55164902843, R = 0.90329805686;
Dec
  double L = 0.40329805686, R = 0.55164902843;
time 0.12[s],  0.00[m]
J = (1.0, 1.0, 1.0, 10.0)
M = 7, 8
0.55168102575

Inc
  double L = 0.55168102575, R = 0.90336205149;
Dec
  double L = 0.40336205149, R = 0.55168102575;
time 0.33[s],  0.01[m]
J = (1.0, 1.0, 1.0, 10.0)
M = 8, 9
0.55175498192

Inc
  double L = 0.55175498192, R = 0.90350996383;
Dec
  double L = 0.40350996383, R = 0.55175498192;
time 0.83[s],  0.01[m]
J = (1.0, 1.0, 1.0, 10.0)
M = 9, 10
0.55178417792

Inc
  double L = 0.55178417792, R = 0.90356835584;
Dec
  double L = 0.40356835584, R = 0.55178417792;
time 2.10[s],  0.04[m]
J = (1.0, 1.0, 1.0, 10.0)
M = 10, 11
0.55180544781

Inc
  double L = 0.55180544781, R = 0.90361089563;
Dec
  double L = 0.40361089563, R = 0.55180544781;
time 5.64[s],  0.09[m]
J = (1.0, 1.0, 1.0, 10.0)
M = 11, 12
0.55181843537

Inc
  double L = 0.55181843537, R = 0.90363687073;
Dec
  double L = 0.40363687073, R = 0.55181843537;
time 19.96[s],  0.33[m]
J = (1.0, 1.0, 1.0, 10.0)
M = 12, 13
0.55182736041

Inc
  double L = 0.55182736041, R = 0.90365472082;
Dec
  double L = 0.40365472082, R = 0.55182736041;
time 32.98[s],  0.55[m]
J = (1.0, 1.0, 1.0, 10.0)
M = 13, 14
0.55183353769

Inc
  double L = 0.55183353769, R = 0.90366707538;
Dec
  double L = 0.40366707538, R = 0.55183353769;
time 65.58[s],  1.09[m]
J = (1.0, 1.0, 1.0, 10.0)
M = 14, 15
0.55183797675

Inc
  double L = 0.55183797675, R = 0.90367595350;
Dec
  double L = 0.40367595350, R = 0.55183797675;
time 152.10[s],  2.54[m]
J = (1.0, 1.0, 1.0, 10.0)
M = 15, 16
0.55184123367

Inc
  double L = 0.55184123367, R = 0.90368246734;
Dec
  double L = 0.40368246734, R = 0.55184123367;
time 243.03[s],  4.05[m]
J = (1.0, 1.0, 1.0, 10.0)
M = 16, 17
0.55184368396

Inc
  double L = 0.55184368396, R = 0.90368736792;
Dec
  double L = 0.40368736792, R = 0.55184368396;
time 545.46[s],  9.09[m]
