J = (1.0, 1.0, 1.0)
M = 5, 6
0.60694577633

Inc
  double L = 0.60694577633, R = 0.61389155266;
Dec
  double L = 0.59389155266, R = 0.60694577633;
time 0.01[s],  0.00[m]
J = (1.0, 1.0, 1.0)
M = 6, 7
0.60687581291

Inc
  double L = 0.60687581291, R = 0.61375162583;
Dec
  double L = 0.59375162583, R = 0.60687581291;
time 0.03[s],  0.00[m]
J = (1.0, 1.0, 1.0)
M = 7, 8
0.60684989223

Inc
  double L = 0.60684989223, R = 0.61369978446;
Dec
  double L = 0.59369978446, R = 0.60684989223;
time 0.09[s],  0.00[m]
J = (1.0, 1.0, 1.0)
M = 8, 9
0.60683869765

Inc
  double L = 0.60683869765, R = 0.61367739530;
Dec
  double L = 0.59367739530, R = 0.60683869765;
time 0.21[s],  0.00[m]
J = (1.0, 1.0, 1.0)
M = 9, 10
0.60683329556

Inc
  double L = 0.60683329556, R = 0.61366659112;
Dec
  double L = 0.59366659112, R = 0.60683329556;
time 0.51[s],  0.01[m]
J = (1.0, 1.0, 1.0)
M = 10, 11
0.60683046335

Inc
  double L = 0.60683046335, R = 0.61366092671;
Dec
  double L = 0.59366092671, R = 0.60683046335;
time 1.21[s],  0.02[m]
J = (1.0, 1.0, 1.0)
M = 11, 12
0.60682887901

Inc
  double L = 0.60682887901, R = 0.61365775801;
Dec
  double L = 0.59365775801, R = 0.60682887901;
time 2.85[s],  0.05[m]
J = (1.0, 1.0, 1.0)
M = 12, 13
0.60682794510

Inc
  double L = 0.60682794510, R = 0.61365589021;
Dec
  double L = 0.59365589021, R = 0.60682794510;
time 6.47[s],  0.11[m]
J = (1.0, 1.0, 1.0)
M = 13, 14
0.60682737008

Inc
  double L = 0.60682737008, R = 0.61365474015;
Dec
  double L = 0.59365474015, R = 0.60682737008;
time 14.60[s],  0.24[m]
J = (1.0, 1.0, 1.0)
M = 14, 15
0.60682700634

Inc
  double L = 0.60682700634, R = 0.61365401268;
Dec
  double L = 0.59365401268, R = 0.60682700634;
time 31.02[s],  0.52[m]
J = (1.0, 1.0, 1.0)
M = 15, 16
0.60682676071

Inc
  double L = 0.60682676071, R = 0.61365352142;
Dec
  double L = 0.59365352142, R = 0.60682676071;
time 75.18[s],  1.25[m]
J = (1.0, 1.0, 1.0)
M = 16, 17
0.60682659671

Inc
  double L = 0.60682659671, R = 0.61365319341;
Dec
  double L = 0.59365319341, R = 0.60682659671;
time 170.17[s],  2.84[m]
