J = (1.0, 1.0, 1.0, 50.0)
M = 4, 5
0.38781276526

Inc
  double L = 0.38781276526, R = 0.57562553053;
Dec
  double L = 0.07562553053, R = 0.38781276526;
time 0.03[s],  0.00[m]
J = (1.0, 1.0, 1.0, 50.0)
M = 5, 6
0.38622527976

Inc
  double L = 0.38622527976, R = 0.57245055952;
Dec
  double L = 0.07245055952, R = 0.38622527976;
time 0.11[s],  0.00[m]
J = (1.0, 1.0, 1.0, 50.0)
M = 6, 7
0.38640616273

Inc
  double L = 0.38640616273, R = 0.57281232546;
Dec
  double L = 0.07281232546, R = 0.38640616273;
time 0.32[s],  0.01[m]
J = (1.0, 1.0, 1.0, 50.0)
M = 7, 8
0.38624456927

Inc
  double L = 0.38624456927, R = 0.57248913855;
Dec
  double L = 0.07248913855, R = 0.38624456927;
time 0.81[s],  0.01[m]
J = (1.0, 1.0, 1.0, 50.0)
M = 8, 9
0.38621708008

Inc
  double L = 0.38621708008, R = 0.57243416016;
Dec
  double L = 0.07243416016, R = 0.38621708008;
time 2.53[s],  0.04[m]
J = (1.0, 1.0, 1.0, 50.0)
M = 9, 10
0.38618138306

Inc
  double L = 0.38618138306, R = 0.57236276613;
Dec
  double L = 0.07236276613, R = 0.38618138306;
time 4.74[s],  0.08[m]
J = (1.0, 1.0, 1.0, 50.0)
M = 10, 11
0.38616198748

Inc
  double L = 0.38616198748, R = 0.57232397497;
Dec
  double L = 0.07232397497, R = 0.38616198748;
time 8.63[s],  0.14[m]
J = (1.0, 1.0, 1.0, 50.0)
M = 11, 12
0.38614721298

Inc
  double L = 0.38614721298, R = 0.57229442596;
Dec
  double L = 0.07229442596, R = 0.38614721298;
time 19.42[s],  0.32[m]
J = (1.0, 1.0, 1.0, 50.0)
M = 12, 13
0.38613696847

Inc
  double L = 0.38613696847, R = 0.57227393695;
Dec
  double L = 0.07227393695, R = 0.38613696847;
time 45.08[s],  0.75[m]
J = (1.0, 1.0, 1.0, 50.0)
M = 13, 14
0.38612928535

Inc
  double L = 0.38612928535, R = 0.57225857069;
Dec
  double L = 0.07225857069, R = 0.38612928535;
time 111.60[s],  1.86[m]
J = (1.0, 1.0, 1.0, 50.0)
M = 14, 15
0.38612350314

Inc
  double L = 0.38612350314, R = 0.57224700629;
Dec
  double L = 0.07224700629, R = 0.38612350314;
time 231.97[s],  3.87[m]
J = (1.0, 1.0, 1.0, 50.0)
M = 15, 16
0.38611904699

Inc
  double L = 0.38611904699, R = 0.57223809399;
Dec
  double L = 0.07223809399, R = 0.38611904699;
time 592.50[s],  9.87[m]
J = (1.0, 1.0, 1.0, 50.0)
M = 16, 17
0.38611559309

Inc
  double L = 0.38611559309, R = 0.57223118618;
Dec
  double L = 0.07223118618, R = 0.38611559309;
time 1026.91[s],  17.12[m]
