J = (1.0, 5.0, 0.0)
M = 4, 5
0.47715003522

Inc
  double L = 0.47715003522, R = 0.75430007044;
Dec
  double L = 0.33430007044, R = 0.47715003522;
time 0.01[s],  0.00[m]
J = (1.0, 5.0, 0.0)
M = 5, 6
0.47644822187

Inc
  double L = 0.47644822187, R = 0.75289644374;
Dec
  double L = 0.33289644374, R = 0.47644822187;
time 0.04[s],  0.00[m]
J = (1.0, 5.0, 0.0)
M = 6, 7
0.47612634124

Inc
  double L = 0.47612634124, R = 0.75225268249;
Dec
  double L = 0.33225268249, R = 0.47612634124;
time 0.09[s],  0.00[m]
J = (1.0, 5.0, 0.0)
M = 7, 8
0.47595719560

Inc
  double L = 0.47595719560, R = 0.75191439121;
Dec
  double L = 0.33191439121, R = 0.47595719560;
time 0.24[s],  0.00[m]
J = (1.0, 5.0, 0.0)
M = 8, 9
0.47585964823

Inc
  double L = 0.47585964823, R = 0.75171929645;
Dec
  double L = 0.33171929645, R = 0.47585964823;
time 0.59[s],  0.01[m]
J = (1.0, 5.0, 0.0)
M = 9, 10
0.47579940150

Inc
  double L = 0.47579940150, R = 0.75159880299;
Dec
  double L = 0.33159880299, R = 0.47579940150;
time 1.25[s],  0.02[m]
J = (1.0, 5.0, 0.0)
M = 10, 11
0.47576016930

Inc
  double L = 0.47576016930, R = 0.75152033860;
Dec
  double L = 0.33152033860, R = 0.47576016930;
time 3.37[s],  0.06[m]
J = (1.0, 5.0, 0.0)
M = 11, 12
0.47573352022

Inc
  double L = 0.47573352022, R = 0.75146704044;
Dec
  double L = 0.33146704044, R = 0.47573352022;
time 10.60[s],  0.18[m]
J = (1.0, 5.0, 0.0)
M = 12, 13
0.47571477926

Inc
  double L = 0.47571477926, R = 0.75142955853;
Dec
  double L = 0.33142955853, R = 0.47571477926;
time 18.95[s],  0.32[m]
J = (1.0, 5.0, 0.0)
M = 13, 14
0.47570121664

Inc
  double L = 0.47570121664, R = 0.75140243328;
Dec
  double L = 0.33140243328, R = 0.47570121664;
time 40.86[s],  0.68[m]
J = (1.0, 5.0, 0.0)
M = 14, 15
0.47569115860

Inc
  double L = 0.47569115860, R = 0.75138231721;
Dec
  double L = 0.33138231721, R = 0.47569115860;
time 69.82[s],  1.16[m]
J = (1.0, 5.0, 0.0)
M = 15, 16
0.47568353946

Inc
  double L = 0.47568353946, R = 0.75136707892;
Dec
  double L = 0.33136707892, R = 0.47568353946;
time 157.95[s],  2.63[m]
J = (1.0, 5.0, 0.0)
M = 16, 17
0.47567766361

Inc
  double L = 0.47567766361, R = 0.75135532722;
Dec
  double L = 0.33135532722, R = 0.47567766361;
time 366.91[s],  6.12[m]
