J = (50.0, 1.0, 1.0, 1.0)
M = 4, 5
0.28036991883

Inc
  double L = 0.28036991883, R = 0.36073983766;
Dec
  double L = -0.13926016234, R = 0.28036991883;
time 0.00[s],  0.00[m]
J = (50.0, 1.0, 1.0, 1.0)
M = 5, 6
0.32149427276

Inc
  double L = 0.32149427276, R = 0.44298854551;
Dec
  double L = -0.05701145449, R = 0.32149427276;
time 0.01[s],  0.00[m]
J = (50.0, 1.0, 1.0, 1.0)
M = 6, 7
0.34584138205

Inc
  double L = 0.34584138205, R = 0.49168276411;
Dec
  double L = -0.00831723589, R = 0.34584138205;
time 0.01[s],  0.00[m]
J = (50.0, 1.0, 1.0, 1.0)
M = 7, 8
0.35941814881

Inc
  double L = 0.35941814881, R = 0.51883629762;
Dec
  double L = 0.01883629762, R = 0.35941814881;
time 0.03[s],  0.00[m]
J = (50.0, 1.0, 1.0, 1.0)
M = 8, 9
0.36688677900

Inc
  double L = 0.36688677900, R = 0.53377355799;
Dec
  double L = 0.03377355799, R = 0.36688677900;
time 0.07[s],  0.00[m]
J = (50.0, 1.0, 1.0, 1.0)
M = 9, 10
0.37091471337

Inc
  double L = 0.37091471337, R = 0.54182942674;
Dec
  double L = 0.04182942674, R = 0.37091471337;
time 0.18[s],  0.00[m]
J = (50.0, 1.0, 1.0, 1.0)
M = 10, 11
0.37297329239

Inc
  double L = 0.37297329239, R = 0.54594658478;
Dec
  double L = 0.04594658478, R = 0.37297329239;
time 0.42[s],  0.01[m]
J = (50.0, 1.0, 1.0, 1.0)
M = 11, 12
0.37389072082

Inc
  double L = 0.37389072082, R = 0.54778144163;
Dec
  double L = 0.04778144163, R = 0.37389072082;
time 0.98[s],  0.02[m]
J = (50.0, 1.0, 1.0, 1.0)
M = 12, 13
0.37414663566

Inc
  double L = 0.37414663566, R = 0.54829327133;
Dec
  double L = 0.04829327133, R = 0.37414663566;
time 2.17[s],  0.04[m]
J = (50.0, 1.0, 1.0, 1.0)
M = 13, 14
0.37402564437

Inc
  double L = 0.37402564437, R = 0.54805128875;
Dec
  double L = 0.04805128875, R = 0.37402564437;
time 4.86[s],  0.08[m]
J = (50.0, 1.0, 1.0, 1.0)
M = 14, 15
0.37369947619

Inc
  double L = 0.37369947619, R = 0.54739895238;
Dec
  double L = 0.04739895238, R = 0.37369947619;
time 11.73[s],  0.20[m]
J = (50.0, 1.0, 1.0, 1.0)
M = 15, 16
0.37327254725

Inc
  double L = 0.37327254725, R = 0.54654509449;
Dec
  double L = 0.04654509449, R = 0.37327254725;
time 27.06[s],  0.45[m]
J = (50.0, 1.0, 1.0, 1.0)
M = 16, 17
0.37280814924

Inc
  double L = 0.37280814924, R = 0.54561629848;
Dec
  double L = 0.04561629848, R = 0.37280814924;
time 59.82[s],  1.00[m]
