J = (1.0, 1.0, 2.0)
M = 4, 5
0.59586448423

Inc
  double L = 0.59586448423, R = 0.89172896845;
Dec
  double L = 0.57172896845, R = 0.59586448423;
time 0.01[s],  0.00[m]
J = (1.0, 1.0, 2.0)
M = 5, 6
0.59579738553

Inc
  double L = 0.59579738553, R = 0.89159477106;
Dec
  double L = 0.57159477106, R = 0.59579738553;
time 0.02[s],  0.00[m]
J = (1.0, 1.0, 2.0)
M = 6, 7
0.59578182720

Inc
  double L = 0.59578182720, R = 0.89156365439;
Dec
  double L = 0.57156365439, R = 0.59578182720;
time 0.06[s],  0.00[m]
J = (1.0, 1.0, 2.0)
M = 7, 8
0.59577799261

Inc
  double L = 0.59577799261, R = 0.89155598522;
Dec
  double L = 0.57155598522, R = 0.59577799261;
time 0.17[s],  0.00[m]
J = (1.0, 1.0, 2.0)
M = 8, 9
0.59577729594

Inc
  double L = 0.59577729594, R = 0.89155459187;
Dec
  double L = 0.57155459187, R = 0.59577729594;
time 0.43[s],  0.01[m]
J = (1.0, 1.0, 2.0)
M = 9, 10
0.59577748156

Inc
  double L = 0.59577748156, R = 0.89155496312;
Dec
  double L = 0.57155496312, R = 0.59577748156;
time 0.99[s],  0.02[m]
J = (1.0, 1.0, 2.0)
M = 10, 11
0.59577788205

Inc
  double L = 0.59577788204, R = 0.89155576409;
Dec
  double L = 0.57155576409, R = 0.59577788204;
time 2.09[s],  0.03[m]
J = (1.0, 1.0, 2.0)
M = 11, 12
0.59577829216

Inc
  double L = 0.59577829216, R = 0.89155658433;
Dec
  double L = 0.57155658433, R = 0.59577829216;
time 11.56[s],  0.19[m]
J = (1.0, 1.0, 2.0)
M = 12, 13
0.59577865351

Inc
  double L = 0.59577865351, R = 0.89155730702;
Dec
  double L = 0.57155730702, R = 0.59577865351;
time 10.30[s],  0.17[m]
J = (1.0, 1.0, 2.0)
M = 13, 14
0.59577895561

Inc
  double L = 0.59577895560, R = 0.89155791121;
Dec
  double L = 0.57155791121, R = 0.59577895560;
time 33.89[s],  0.56[m]
J = (1.0, 1.0, 2.0)
M = 14, 15
0.59577920350

Inc
  double L = 0.59577920350, R = 0.89155840700;
Dec
  double L = 0.57155840700, R = 0.59577920350;
time 45.17[s],  0.75[m]
J = (1.0, 1.0, 2.0)
M = 15, 16
0.59577940403

Inc
  double L = 0.59577940403, R = 0.89155880807;
Dec
  double L = 0.57155880807, R = 0.59577940403;
time 102.19[s],  1.70[m]
J = (1.0, 1.0, 2.0)
M = 16, 17
0.59577957161

Inc
  double L = 0.59577957161, R = 0.89155914322;
Dec
  double L = 0.57155914322, R = 0.59577957161;
time 223.28[s],  3.72[m]
