J = (1.0, 10.0, 50.0, 100.0)
M = 4, 5
0.66318159192
Inc
  double L = 0.66318159192, R = 1.12636318384;
Dec
  double L = 0.62636318384, R = 0.66318159192;
time 0.01[s],  0.00[m]
J = (1.0, 10.0, 50.0, 100.0)
M = 5, 6
0.57807803494
Inc
  double L = 0.57807803494, R = 0.95615606987;
Dec
  double L = 0.45615606987, R = 0.57807803494;
time 0.05[s],  0.00[m]
J = (1.0, 10.0, 50.0, 100.0)
M = 6, 7
0.63860147682
Inc
  double L = 0.63860147682, R = 1.07720295364;
Dec
  double L = 0.57720295364, R = 0.63860147682;
time 0.13[s],  0.00[m]
J = (1.0, 10.0, 50.0, 100.0)
M = 7, 8
0.60480941534
Inc
  double L = 0.60480941534, R = 1.00961883068;
Dec
  double L = 0.50961883068, R = 0.60480941534;
time 0.50[s],  0.01[m]
J = (1.0, 10.0, 50.0, 100.0)
M = 8, 9
0.62760389234
Inc
  double L = 0.62760389234, R = 1.05520778469;
Dec
  double L = 0.55520778469, R = 0.62760389234;
time 1.22[s],  0.02[m]
J = (1.0, 10.0, 50.0, 100.0)
M = 9, 10
0.61510784707
Inc
  double L = 0.61510784707, R = 1.03021569415;
Dec
  double L = 0.53021569415, R = 0.61510784707;
time 2.20[s],  0.04[m]
J = (1.0, 10.0, 50.0, 100.0)
M = 10, 11
0.62341501613
Inc
  double L = 0.62341501613, R = 1.04683003225;
Dec
  double L = 0.54683003225, R = 0.62341501613;
time 13.97[s],  0.23[m]
J = (1.0, 10.0, 50.0, 100.0)
M = 11, 12
0.61901842734
Inc
  double L = 0.61901842733, R = 1.03803685467;
Dec
  double L = 0.53803685467, R = 0.61901842733;
time 41.88[s],  0.70[m]
J = (1.0, 10.0, 50.0, 100.0)
M = 12, 13
0.62201683142
Inc
  double L = 0.62201683142, R = 1.04403366285;
Dec
  double L = 0.54403366285, R = 0.62201683142;
time 13.75[s],  0.23[m]
J = (1.0, 10.0, 50.0, 100.0)
M = 13, 14
0.62053557068
Inc
  double L = 0.62053557068, R = 1.04107114137;
Dec
  double L = 0.54107114137, R = 0.62053557068;
time 32.46[s],  0.54[m]
J = (1.0, 10.0, 50.0, 100.0)
M = 14, 15
0.62162505486
Inc
  double L = 0.62162505486, R = 1.04325010973;
Dec
  double L = 0.54325010973, R = 0.62162505486;
time 76.96[s],  1.28[m]
J = (1.0, 10.0, 50.0, 100.0)
M = 15, 16
0.62115387653
Inc
  double L = 0.62115387653, R = 1.04230775307;
Dec
  double L = 0.54230775307, R = 0.62115387653;
time 183.27[s],  3.05[m]
J = (1.0, 10.0, 50.0, 100.0)
M = 16, 17
0.62156088174
Inc
  double L = 0.62156088173, R = 1.04312176347;
Dec
  double L = 0.54312176347, R = 0.62156088173;
time 401.87[s],  6.70[m]
