J = (1.0, 2.0, 3.0)
M = 4, 5
0.59205792363

Inc
  double L = 0.59205792363, R = 0.98411584726;
Dec
  double L = 0.56411584726, R = 0.59205792363;
time 0.01[s],  0.00[m]
J = (1.0, 2.0, 3.0)
M = 5, 6
0.59232595325

Inc
  double L = 0.59232595325, R = 0.98465190650;
Dec
  double L = 0.56465190650, R = 0.59232595325;
time 0.04[s],  0.00[m]
J = (1.0, 2.0, 3.0)
M = 6, 7
0.59246532776

Inc
  double L = 0.59246532776, R = 0.98493065552;
Dec
  double L = 0.56493065552, R = 0.59246532776;
time 0.14[s],  0.00[m]
J = (1.0, 2.0, 3.0)
M = 7, 8
0.59254371028

Inc
  double L = 0.59254371027, R = 0.98508742055;
Dec
  double L = 0.56508742055, R = 0.59254371027;
time 0.55[s],  0.01[m]
J = (1.0, 2.0, 3.0)
M = 8, 9
0.59259083454

Inc
  double L = 0.59259083454, R = 0.98518166907;
Dec
  double L = 0.56518166907, R = 0.59259083454;
time 0.72[s],  0.01[m]
J = (1.0, 2.0, 3.0)
M = 9, 10
0.59262075374

Inc
  double L = 0.59262075374, R = 0.98524150748;
Dec
  double L = 0.56524150748, R = 0.59262075374;
time 2.21[s],  0.04[m]
J = (1.0, 2.0, 3.0)
M = 10, 11
0.59264061710

Inc
  double L = 0.59264061710, R = 0.98528123419;
Dec
  double L = 0.56528123419, R = 0.59264061710;
time 3.92[s],  0.07[m]
J = (1.0, 2.0, 3.0)
M = 11, 12
0.59265430231

Inc
  double L = 0.59265430231, R = 0.98530860461;
Dec
  double L = 0.56530860461, R = 0.59265430231;
time 4.90[s],  0.08[m]
J = (1.0, 2.0, 3.0)
M = 12, 13
0.59266402680

Inc
  double L = 0.59266402680, R = 0.98532805360;
Dec
  double L = 0.56532805360, R = 0.59266402680;
time 11.91[s],  0.20[m]
J = (1.0, 2.0, 3.0)
M = 13, 14
0.59267112308

Inc
  double L = 0.59267112308, R = 0.98534224617;
Dec
  double L = 0.56534224617, R = 0.59267112308;
time 27.47[s],  0.46[m]
J = (1.0, 2.0, 3.0)
M = 14, 15
0.59267641990

Inc
  double L = 0.59267641990, R = 0.98535283980;
Dec
  double L = 0.56535283980, R = 0.59267641990;
time 62.23[s],  1.04[m]
J = (1.0, 2.0, 3.0)
M = 15, 16
0.59268045183

Inc
  double L = 0.59268045183, R = 0.98536090366;
Dec
  double L = 0.56536090366, R = 0.59268045183;
time 141.84[s],  2.36[m]
J = (1.0, 2.0, 3.0)
M = 16, 17
0.59268360376

Inc
  double L = 0.59268360376, R = 0.98536720753;
Dec
  double L = 0.56536720753, R = 0.59268360376;
time 282.65[s],  4.71[m]
