J = (1.0, 1.0, 10.0, 100.0)
M = 4, 5
0.49911094884
Inc
  double L = 0.49911094883, R = 0.79822189767;
Dec
  double L = 0.29822189767, R = 0.49911094883;
time 0.02[s],  0.00[m]
J = (1.0, 1.0, 10.0, 100.0)
M = 5, 6
0.41796444430
Inc
  double L = 0.41796444430, R = 0.63592888861;
Dec
  double L = 0.13592888861, R = 0.41796444430;
time 0.22[s],  0.00[m]
J = (1.0, 1.0, 10.0, 100.0)
M = 6, 7
0.47881417149
Inc
  double L = 0.47881417149, R = 0.75762834298;
Dec
  double L = 0.25762834298, R = 0.47881417149;
time 0.11[s],  0.00[m]
J = (1.0, 1.0, 10.0, 100.0)
M = 7, 8
0.44077214493
Inc
  double L = 0.44077214493, R = 0.68154428987;
Dec
  double L = 0.18154428987, R = 0.44077214493;
time 0.79[s],  0.01[m]
J = (1.0, 1.0, 10.0, 100.0)
M = 8, 9
0.46835971936
Inc
  double L = 0.46835971936, R = 0.73671943873;
Dec
  double L = 0.23671943873, R = 0.46835971936;
time 0.70[s],  0.01[m]
J = (1.0, 1.0, 10.0, 100.0)
M = 9, 10
0.45115149351
Inc
  double L = 0.45115149351, R = 0.70230298702;
Dec
  double L = 0.20230298702, R = 0.45115149351;
time 2.26[s],  0.04[m]
J = (1.0, 1.0, 10.0, 100.0)
M = 10, 11
0.46323286371
Inc
  double L = 0.46323286371, R = 0.72646572743;
Dec
  double L = 0.22646572743, R = 0.46323286371;
time 4.28[s],  0.07[m]
J = (1.0, 1.0, 10.0, 100.0)
M = 11, 12
0.45569930300
Inc
  double L = 0.45569930300, R = 0.71139860600;
Dec
  double L = 0.21139860600, R = 0.45569930300;
time 11.32[s],  0.19[m]
J = (1.0, 1.0, 10.0, 100.0)
M = 12, 13
0.46090331568
Inc
  double L = 0.46090331568, R = 0.72180663136;
Dec
  double L = 0.22180663136, R = 0.46090331568;
time 22.22[s],  0.37[m]
J = (1.0, 1.0, 10.0, 100.0)
M = 13, 14
0.45768937171
Inc
  double L = 0.45768937171, R = 0.71537874342;
Dec
  double L = 0.21537874342, R = 0.45768937171;
time 55.33[s],  0.92[m]
J = (1.0, 1.0, 10.0, 100.0)
M = 14, 15
0.45991288154
Inc
  double L = 0.45991288154, R = 0.71982576308;
Dec
  double L = 0.21982576308, R = 0.45991288154;
time 118.79[s],  1.98[m]
J = (1.0, 1.0, 10.0, 100.0)
M = 15, 16
0.45856949804
Inc
  double L = 0.45856949804, R = 0.71713899607;
Dec
  double L = 0.21713899607, R = 0.45856949804;
time 284.43[s],  4.74[m]
J = (1.0, 1.0, 10.0, 100.0)
M = 16, 17
0.45951692747
Inc
  double L = 0.45951692747, R = 0.71903385495;
Dec
  double L = 0.21903385495, R = 0.45951692747;
time 639.06[s],  10.65[m]
