J = (1.0, 1.0, 1.4)
M = 4, 5
0.60456442092

Inc
  double L = 0.60456442092, R = 1.00912884184;
Dec
  double L = 0.58912884184, R = 0.60456442092;
time 0.01[s],  0.00[m]
J = (1.0, 1.0, 1.4)
M = 5, 6
0.60446735340

Inc
  double L = 0.60446735340, R = 1.00893470680;
Dec
  double L = 0.58893470680, R = 0.60446735340;
time 0.03[s],  0.00[m]
J = (1.0, 1.0, 1.4)
M = 6, 7
0.60444944749

Inc
  double L = 0.60444944749, R = 1.00889889498;
Dec
  double L = 0.58889889498, R = 0.60444944749;
time 0.10[s],  0.00[m]
J = (1.0, 1.0, 1.4)
M = 7, 8
0.60444793389

Inc
  double L = 0.60444793389, R = 1.00889586777;
Dec
  double L = 0.58889586777, R = 0.60444793389;
time 0.36[s],  0.01[m]
J = (1.0, 1.0, 1.4)
M = 8, 9
0.60444984843

Inc
  double L = 0.60444984843, R = 1.00889969686;
Dec
  double L = 0.58889969686, R = 0.60444984843;
time 0.84[s],  0.01[m]
J = (1.0, 1.0, 1.4)
M = 9, 10
0.60445217539

Inc
  double L = 0.60445217540, R = 1.00890435079;
Dec
  double L = 0.58890435079, R = 0.60445217540;
time 1.60[s],  0.03[m]
J = (1.0, 1.0, 1.4)
M = 10, 11
0.60445421566

Inc
  double L = 0.60445421566, R = 1.00890843132;
Dec
  double L = 0.58890843132, R = 0.60445421566;
time 1.74[s],  0.03[m]
J = (1.0, 1.0, 1.4)
M = 11, 12
0.60445586334

Inc
  double L = 0.60445586334, R = 1.00891172667;
Dec
  double L = 0.58891172667, R = 0.60445586334;
time 4.05[s],  0.07[m]
J = (1.0, 1.0, 1.4)
M = 12, 13
0.60445716079

Inc
  double L = 0.60445716079, R = 1.00891432158;
Dec
  double L = 0.58891432158, R = 0.60445716079;
time 10.17[s],  0.17[m]
J = (1.0, 1.0, 1.4)
M = 13, 14
0.60445817880

Inc
  double L = 0.60445817880, R = 1.00891635760;
Dec
  double L = 0.58891635760, R = 0.60445817880;
time 23.63[s],  0.39[m]
J = (1.0, 1.0, 1.4)
M = 14, 15
0.60445897938

Inc
  double L = 0.60445897938, R = 1.00891795876;
Dec
  double L = 0.58891795876, R = 0.60445897938;
time 52.29[s],  0.87[m]
J = (1.0, 1.0, 1.4)
M = 15, 16
0.60445961355

Inc
  double L = 0.60445961355, R = 1.00891922709;
Dec
  double L = 0.58891922709, R = 0.60445961355;
time 116.57[s],  1.94[m]
J = (1.0, 1.0, 1.4)
M = 16, 17
0.60446012106

Inc
  double L = 0.60446012106, R = 1.00892024212;
Dec
  double L = 0.58892024212, R = 0.60446012106;
time 239.99[s],  4.00[m]
