J = (1.0, 1.0, 1.0, 20.0)
M = 4, 5
0.47898587801
Inc
  double L = 0.47898587801, R = 0.75797175603;
Dec
  double L = 0.25797175603, R = 0.47898587801;
time 0.02[s],  0.00[m]
J = (1.0, 1.0, 1.0, 20.0)
M = 5, 6
0.47745433716
Inc
  double L = 0.47745433716, R = 0.75490867432;
Dec
  double L = 0.25490867432, R = 0.47745433716;
time 0.05[s],  0.00[m]
J = (1.0, 1.0, 1.0, 20.0)
M = 6, 7
0.47777921047
Inc
  double L = 0.47777921047, R = 0.75555842093;
Dec
  double L = 0.25555842093, R = 0.47777921047;
time 0.13[s],  0.00[m]
J = (1.0, 1.0, 1.0, 20.0)
M = 7, 8
0.47765504581
Inc
  double L = 0.47765504581, R = 0.75531009163;
Dec
  double L = 0.25531009163, R = 0.47765504581;
time 0.34[s],  0.01[m]
J = (1.0, 1.0, 1.0, 20.0)
M = 8, 9
0.47765418570
Inc
  double L = 0.47765418570, R = 0.75530837139;
Dec
  double L = 0.25530837139, R = 0.47765418570;
time 0.83[s],  0.01[m]
J = (1.0, 1.0, 1.0, 20.0)
M = 9, 10
0.47763233104
Inc
  double L = 0.47763233104, R = 0.75526466208;
Dec
  double L = 0.25526466208, R = 0.47763233104;
time 2.06[s],  0.03[m]
J = (1.0, 1.0, 1.0, 20.0)
M = 10, 11
0.47762168646
Inc
  double L = 0.47762168646, R = 0.75524337292;
Dec
  double L = 0.25524337292, R = 0.47762168646;
time 5.01[s],  0.08[m]
J = (1.0, 1.0, 1.0, 20.0)
M = 11, 12
0.47761260089
Inc
  double L = 0.47761260089, R = 0.75522520179;
Dec
  double L = 0.25522520179, R = 0.47761260089;
time 11.88[s],  0.20[m]
J = (1.0, 1.0, 1.0, 20.0)
M = 12, 13
0.47760609968
Inc
  double L = 0.47760609968, R = 0.75521219936;
Dec
  double L = 0.25521219936, R = 0.47760609968;
time 26.18[s],  0.44[m]
J = (1.0, 1.0, 1.0, 20.0)
M = 13, 14
0.47760107858
Inc
  double L = 0.47760107858, R = 0.75520215715;
Dec
  double L = 0.25520215715, R = 0.47760107858;
time 60.67[s],  1.01[m]
J = (1.0, 1.0, 1.0, 20.0)
M = 14, 15
0.47759721532
Inc
  double L = 0.47759721532, R = 0.75519443064;
Dec
  double L = 0.25519443064, R = 0.47759721532;
time 134.65[s],  2.24[m]
J = (1.0, 1.0, 1.0, 20.0)
M = 15, 16
0.47759418288
Inc
  double L = 0.47759418288, R = 0.75518836577;
Dec
  double L = 0.25518836577, R = 0.47759418288;
time 328.33[s],  5.47[m]
J = (1.0, 1.0, 1.0, 20.0)
M = 16, 17
0.47759177465
Inc
  double L = 0.47759177465, R = 0.75518354930;
Dec
  double L = 0.25518354930, R = 0.47759177465;
time 735.79[s],  12.26[m]
