J = (1.0, 1.0, 1.2)
M = 4, 5
0.60635266959

Inc
  double L = 0.60635266959, R = 1.01270533918;
Dec
  double L = 0.59270533918, R = 0.60635266959;
time 0.01[s],  0.00[m]
J = (1.0, 1.0, 1.2)
M = 5, 6
0.60620792446

Inc
  double L = 0.60620792446, R = 1.01241584893;
Dec
  double L = 0.59241584893, R = 0.60620792446;
time 0.03[s],  0.00[m]
J = (1.0, 1.0, 1.2)
M = 6, 7
0.60617260976

Inc
  double L = 0.60617260976, R = 1.01234521951;
Dec
  double L = 0.59234521951, R = 0.60617260976;
time 0.09[s],  0.00[m]
J = (1.0, 1.0, 1.2)
M = 7, 8
0.60616336318

Inc
  double L = 0.60616336318, R = 1.01232672636;
Dec
  double L = 0.59232672636, R = 0.60616336318;
time 0.34[s],  0.01[m]
J = (1.0, 1.0, 1.2)
M = 8, 9
0.60616129587

Inc
  double L = 0.60616129587, R = 1.01232259174;
Dec
  double L = 0.59232259174, R = 0.60616129587;
time 0.81[s],  0.01[m]
J = (1.0, 1.0, 1.2)
M = 9, 10
0.60616135183

Inc
  double L = 0.60616135183, R = 1.01232270367;
Dec
  double L = 0.59232270367, R = 0.60616135183;
time 1.51[s],  0.03[m]
J = (1.0, 1.0, 1.2)
M = 10, 11
0.60616199783

Inc
  double L = 0.60616199783, R = 1.01232399566;
Dec
  double L = 0.59232399566, R = 0.60616199783;
time 3.10[s],  0.05[m]
J = (1.0, 1.0, 1.2)
M = 11, 12
0.60616274007

Inc
  double L = 0.60616274007, R = 1.01232548014;
Dec
  double L = 0.59232548014, R = 0.60616274007;
time 3.92[s],  0.07[m]
J = (1.0, 1.0, 1.2)
M = 12, 13
0.60616342349

Inc
  double L = 0.60616342349, R = 1.01232684699;
Dec
  double L = 0.59232684699, R = 0.60616342349;
time 9.91[s],  0.17[m]
J = (1.0, 1.0, 1.2)
M = 13, 14
0.60616400864

Inc
  double L = 0.60616400864, R = 1.01232801728;
Dec
  double L = 0.59232801728, R = 0.60616400864;
time 23.04[s],  0.38[m]
J = (1.0, 1.0, 1.2)
M = 14, 15
0.60616449590

Inc
  double L = 0.60616449590, R = 1.01232899180;
Dec
  double L = 0.59232899180, R = 0.60616449590;
time 50.95[s],  0.85[m]
J = (1.0, 1.0, 1.2)
M = 15, 16
0.60616489724

Inc
  double L = 0.60616489724, R = 1.01232979448;
Dec
  double L = 0.59232979448, R = 0.60616489724;
time 114.94[s],  1.92[m]
J = (1.0, 1.0, 1.2)
M = 16, 17
0.60616522736

Inc
  double L = 0.60616522736, R = 1.01233045471;
Dec
  double L = 0.59233045471, R = 0.60616522736;
time 229.68[s],  3.83[m]
