J = (2.0, 2.0, 1.0, 1.0)
M = 4, 6
0.63280629925

J = (2.0, 2.0, 1.0, 1.0)
M = 5, 7
0.63335052815

J = (2.0, 2.0, 1.0, 1.0)
M = 6, 8
0.63363988371

J = (2.0, 2.0, 1.0, 1.0)
M = 7, 9
0.63380699727

J = (2.0, 2.0, 1.0, 1.0)
M = 8, 10
0.63391002258

J = (2.0, 2.0, 1.0, 1.0)
M = 9, 11
0.63397691992

J = (2.0, 2.0, 1.0, 1.0)
M = 10, 12
0.63402222099

J = (2.0, 2.0, 1.0, 1.0)
M = 11, 13
0.63405397766

J = (2.0, 2.0, 1.0, 1.0)
M = 12, 14
0.63407689424

J = (2.0, 2.0, 1.0, 1.0)
M = 13, 15
0.63409384382

J = (2.0, 2.0, 1.0, 1.0)
M = 14, 16
0.63410664805

J = (2.0, 2.0, 1.0, 1.0)
M = 15, 17
0.63411650054

