J = (1.0, 1.0, 1.0, 1.0)
M = 4, 5
0.65317171100

J = (1.0, 1.0, 1.0, 1.0)
M = 5, 6
0.65485111226

J = (1.0, 1.0, 1.0, 1.0)
M = 6, 7
0.65572705857

J = (1.0, 1.0, 1.0, 1.0)
M = 7, 8
0.65622158995

J = (1.0, 1.0, 1.0, 1.0)
M = 8, 9
0.65652152906

J = (1.0, 1.0, 1.0, 1.0)
M = 9, 10
0.65671358467

J = (1.0, 1.0, 1.0, 1.0)
M = 10, 11
0.65684209506

J = (1.0, 1.0, 1.0, 1.0)
M = 11, 12
0.65693125075

J = (1.0, 1.0, 1.0, 1.0)
M = 12, 13
0.65699500294

J = (1.0, 1.0, 1.0, 1.0)
M = 13, 14
0.65704177492

J = (1.0, 1.0, 1.0, 1.0)
M = 14, 15
0.65707685422

J = (1.0, 1.0, 1.0, 1.0)
M = 15, 16
0.65710367214

J = (1.0, 1.0, 1.0, 1.0)
M = 16, 17
0.65712452108

J = (1.0, 1.0, 1.0, 10.0)
M = 4, 5
0.55193593797

J = (1.0, 1.0, 1.0, 10.0)
M = 5, 6
0.55112459367

J = (1.0, 1.0, 1.0, 10.0)
M = 6, 7
0.55164902843

J = (1.0, 1.0, 1.0, 10.0)
M = 7, 8
0.55168102569

J = (1.0, 1.0, 1.0, 10.0)
M = 8, 9
0.55175498189

J = (1.0, 1.0, 1.0, 10.0)
M = 9, 10
0.55178417790

J = (1.0, 1.0, 1.0, 10.0)
M = 10, 11
0.55180544783

J = (1.0, 1.0, 1.0, 10.0)
M = 11, 12
0.55181843548

J = (1.0, 1.0, 1.0, 10.0)
M = 12, 13
0.55182736047

J = (1.0, 1.0, 1.0, 10.0)
M = 13, 14
0.55183353750

J = (1.0, 1.0, 1.0, 10.0)
M = 14, 15
0.55183797674

J = (1.0, 1.0, 1.0, 10.0)
M = 15, 16
0.55184123738

J = (1.0, 1.0, 1.0, 10.0)
M = 16, 17
0.55184368724

J = (1.0, 1.0, 1.0, 20.0)
M = 4, 5
0.47898587800

J = (1.0, 1.0, 1.0, 20.0)
M = 5, 6
0.47745433710

J = (1.0, 1.0, 1.0, 20.0)
M = 6, 7
0.47777921046

J = (1.0, 1.0, 1.0, 20.0)
M = 7, 8
0.47765504579

J = (1.0, 1.0, 1.0, 20.0)
M = 8, 9
0.47765418490

J = (1.0, 1.0, 1.0, 20.0)
M = 9, 10
0.47763233112

J = (1.0, 1.0, 1.0, 20.0)
M = 10, 11
0.47762168501

J = (1.0, 1.0, 1.0, 20.0)
M = 11, 12
0.47761260071

J = (1.0, 1.0, 1.0, 20.0)
M = 12, 13
0.47760609962

J = (1.0, 1.0, 1.0, 20.0)
M = 13, 14
0.47760107949

J = (1.0, 1.0, 1.0, 20.0)
M = 14, 15
0.47759721503

J = (1.0, 1.0, 1.0, 20.0)
M = 15, 16
0.47759418253

J = (1.0, 1.0, 1.0, 20.0)
M = 16, 17
0.47759177657

J = (1.0, 1.0, 1.0, 30.0)
M = 4, 5
0.43685528812

J = (1.0, 1.0, 1.0, 30.0)
M = 5, 6
0.43520670681

J = (1.0, 1.0, 1.0, 30.0)
M = 6, 7
0.43545402549

J = (1.0, 1.0, 1.0, 30.0)
M = 7, 8
0.43529676955

J = (1.0, 1.0, 1.0, 30.0)
M = 8, 9
0.43527741432

J = (1.0, 1.0, 1.0, 30.0)
M = 9, 10
0.43524444799

J = (1.0, 1.0, 1.0, 30.0)
M = 10, 11
0.43522694548

J = (1.0, 1.0, 1.0, 30.0)
M = 11, 12
0.43521333933

J = (1.0, 1.0, 1.0, 30.0)
M = 12, 13
0.43520366626

J = (1.0, 1.0, 1.0, 30.0)
M = 13, 14
0.43519642096

J = (1.0, 1.0, 1.0, 30.0)
M = 14, 15
0.43519094288

J = (1.0, 1.0, 1.0, 30.0)
M = 15, 16
0.43518668583

J = (1.0, 1.0, 1.0, 30.0)
M = 16, 17
0.43518335105

J = (1.0, 1.0, 1.0, 40.0)
M = 4, 5
0.40856461991

J = (1.0, 1.0, 1.0, 40.0)
M = 5, 6
0.40692966251

J = (1.0, 1.0, 1.0, 40.0)
M = 6, 7
0.40713602846

J = (1.0, 1.0, 1.0, 40.0)
M = 7, 8
0.40697271917

J = (1.0, 1.0, 1.0, 40.0)
M = 8, 9
0.40694728772

J = (1.0, 1.0, 1.0, 40.0)
M = 9, 10
0.40691175571

J = (1.0, 1.0, 1.0, 40.0)
M = 10, 11
0.40689255744

J = (1.0, 1.0, 1.0, 40.0)
M = 11, 12
0.40687788727

J = (1.0, 1.0, 1.0, 40.0)
M = 12, 13
0.40686756074

J = (1.0, 1.0, 1.0, 40.0)
M = 13, 14
0.40685985859

J = (1.0, 1.0, 1.0, 40.0)
M = 14, 15
0.40685406032

J = (1.0, 1.0, 1.0, 40.0)
M = 15, 16
0.40684957243

J = (1.0, 1.0, 1.0, 40.0)
M = 16, 17
0.40684606000

J = (1.0, 1.0, 1.0, 50.0)
M = 4, 5
0.38781276524

J = (1.0, 1.0, 1.0, 50.0)
M = 5, 6
0.38622527971

J = (1.0, 1.0, 1.0, 50.0)
M = 6, 7
0.38640616267

J = (1.0, 1.0, 1.0, 50.0)
M = 7, 8
0.38624456914

J = (1.0, 1.0, 1.0, 50.0)
M = 8, 9
0.38621708005

J = (1.0, 1.0, 1.0, 50.0)
M = 9, 10
0.38618138300

J = (1.0, 1.0, 1.0, 50.0)
M = 10, 11
0.38616198221

J = (1.0, 1.0, 1.0, 50.0)
M = 11, 12
0.38614727165

J = (1.0, 1.0, 1.0, 50.0)
M = 12, 13
0.38613696852

J = (1.0, 1.0, 1.0, 50.0)
M = 13, 14
0.38612929108

J = (1.0, 1.0, 1.0, 50.0)
M = 14, 15
0.38612349778

J = (1.0, 1.0, 1.0, 50.0)
M = 15, 16
0.38611907959

J = (1.0, 1.0, 1.0, 50.0)
M = 16, 17
0.38611557390

J = (1.0, 1.0, 1.0, 100.0)
M = 4, 5
0.33073819161

J = (1.0, 1.0, 1.0, 100.0)
M = 5, 6
0.32939729691

J = (1.0, 1.0, 1.0, 100.0)
M = 6, 7
0.32952321928

J = (1.0, 1.0, 1.0, 100.0)
M = 7, 8
0.32938400017

J = (1.0, 1.0, 1.0, 100.0)
M = 8, 9
0.32935752422

J = (1.0, 1.0, 1.0, 100.0)
M = 9, 10
0.32932621751

J = (1.0, 1.0, 1.0, 100.0)
M = 10, 11
0.32930909027

J = (1.0, 1.0, 1.0, 100.0)
M = 11, 12
0.32929626927

J = (1.0, 1.0, 1.0, 100.0)
M = 12, 13
0.32928730814

J = (1.0, 1.0, 1.0, 100.0)
M = 13, 14
0.32928066411

J = (1.0, 1.0, 1.0, 100.0)
M = 14, 15
0.32927566809

J = (1.0, 1.0, 1.0, 100.0)
M = 15, 16
0.32927186582

J = (1.0, 1.0, 1.0, 100.0)
M = 16, 17
0.32926883934

J = (1.0, 1.0, 1.0, 200.0)
M = 4, 5
0.28454384456

J = (1.0, 1.0, 1.0, 200.0)
M = 5, 6
0.28347129927

J = (1.0, 1.0, 1.0, 200.0)
M = 6, 7
0.28356418057

J = (1.0, 1.0, 1.0, 200.0)
M = 7, 8
0.28345268108

J = (1.0, 1.0, 1.0, 200.0)
M = 8, 9
0.28343077917

J = (1.0, 1.0, 1.0, 200.0)
M = 9, 10
0.28340560506

J = (1.0, 1.0, 1.0, 200.0)
M = 10, 11
0.28339191229

J = (1.0, 1.0, 1.0, 200.0)
M = 11, 12
0.28338151898

J = (1.0, 1.0, 1.0, 200.0)
M = 12, 13
0.28337435313

J = (1.0, 1.0, 1.0, 200.0)
M = 13, 14
0.28336919733

J = (1.0, 1.0, 1.0, 200.0)
M = 14, 15
0.28336503823

J = (1.0, 1.0, 1.0, 200.0)
M = 15, 16
0.28336195115

J = (1.0, 1.0, 1.0, 200.0)
M = 16, 17
0.28335957967

J = (1.0, 1.0, 1.0, 300.0)
M = 4, 5
0.26193693695

J = (1.0, 1.0, 1.0, 300.0)
M = 5, 6
0.26100187245

J = (1.0, 1.0, 1.0, 300.0)
M = 6, 7
0.26108114123

J = (1.0, 1.0, 1.0, 300.0)
M = 7, 8
0.26098389626

J = (1.0, 1.0, 1.0, 300.0)
M = 8, 9
0.26096474174

J = (1.0, 1.0, 1.0, 300.0)
M = 9, 10
0.26094279101

J = (1.0, 1.0, 1.0, 300.0)
M = 10, 11
0.26093076004

J = (1.0, 1.0, 1.0, 300.0)
M = 11, 12
0.26092176585

J = (1.0, 1.0, 1.0, 300.0)
M = 12, 13
0.26091594999

J = (1.0, 1.0, 1.0, 300.0)
M = 13, 14
0.26091090432

J = (1.0, 1.0, 1.0, 300.0)
M = 14, 15
0.26090749160

J = (1.0, 1.0, 1.0, 300.0)
M = 15, 16
0.26090475054

J = (1.0, 1.0, 1.0, 300.0)
M = 16, 17
0.26090265600

J = (1.0, 1.0, 10.0, 100.0)
M = 4, 5
0.49911094884

J = (1.0, 1.0, 10.0, 100.0)
M = 5, 6
0.41796444425

J = (1.0, 1.0, 10.0, 100.0)
M = 6, 7
0.47881417147

J = (1.0, 1.0, 10.0, 100.0)
M = 7, 8
0.44077214489

J = (1.0, 1.0, 10.0, 100.0)
M = 8, 9
0.46835971930

J = (1.0, 1.0, 10.0, 100.0)
M = 9, 10
0.45115149468

J = (1.0, 1.0, 10.0, 100.0)
M = 10, 11
0.46323286370

J = (1.0, 1.0, 10.0, 100.0)
M = 11, 12
0.45569930560

J = (1.0, 1.0, 10.0, 100.0)
M = 12, 13
0.46090331563

J = (1.0, 1.0, 10.0, 100.0)
M = 13, 14
0.45768936009

J = (1.0, 1.0, 10.0, 100.0)
M = 14, 15
0.45991288154

J = (1.0, 1.0, 10.0, 100.0)
M = 15, 16
0.45856949901

J = (1.0, 1.0, 10.0, 100.0)
M = 16, 17
0.45951692460

J = (1.0, 5.0, 10.0, 100.0)
M = 4, 5
0.50758127488

J = (1.0, 5.0, 10.0, 100.0)
M = 5, 6
0.48580924825

J = (1.0, 5.0, 10.0, 100.0)
M = 6, 7
0.49717005935

J = (1.0, 5.0, 10.0, 100.0)
M = 7, 8
0.49230812292

J = (1.0, 5.0, 10.0, 100.0)
M = 8, 9
0.49487079621

J = (1.0, 5.0, 10.0, 100.0)
M = 9, 10
0.49388211505

J = (1.0, 5.0, 10.0, 100.0)
M = 10, 11
0.49446569211

J = (1.0, 5.0, 10.0, 100.0)
M = 11, 12
0.49429015994

J = (1.0, 5.0, 10.0, 100.0)
M = 12, 13
0.49443404823

J = (1.0, 5.0, 10.0, 100.0)
M = 13, 14
0.49441571641

J = (1.0, 5.0, 10.0, 100.0)
M = 14, 15
0.49445863073

J = (1.0, 5.0, 10.0, 100.0)
M = 15, 16
0.49446554952

J = (1.0, 5.0, 10.0, 100.0)
M = 16, 17
0.49448259523

J = (1.0, 10.0, 50.0, 100.0)
M = 4, 5
0.66318159192

J = (1.0, 10.0, 50.0, 100.0)
M = 5, 6
0.57807803495

J = (1.0, 10.0, 50.0, 100.0)
M = 6, 7
0.63860147682

J = (1.0, 10.0, 50.0, 100.0)
M = 7, 8
0.60480940131

J = (1.0, 10.0, 50.0, 100.0)
M = 8, 9
0.62760389234

J = (1.0, 10.0, 50.0, 100.0)
M = 9, 10
0.61510784710

J = (1.0, 10.0, 50.0, 100.0)
M = 10, 11
0.62341501611

J = (1.0, 10.0, 50.0, 100.0)
M = 11, 12
0.61901842749

J = (1.0, 10.0, 50.0, 100.0)
M = 12, 13
0.62201683142

J = (1.0, 10.0, 50.0, 100.0)
M = 13, 14
0.62053557061

J = (1.0, 10.0, 50.0, 100.0)
M = 14, 15
0.62162505165

J = (1.0, 10.0, 50.0, 100.0)
M = 15, 16
0.62115387646

J = (1.0, 10.0, 50.0, 100.0)
M = 16, 17
0.62156088154

J = (2.0, 2.0, 1.0, 1.0)
M = 4, 5
0.63244759025

J = (2.0, 2.0, 1.0, 1.0)
M = 5, 6
0.63316547652

J = (2.0, 2.0, 1.0, 1.0)
M = 6, 7
0.63353569480

J = (2.0, 2.0, 1.0, 1.0)
M = 7, 8
0.63374410710

J = (2.0, 2.0, 1.0, 1.0)
M = 8, 9
0.63386989938

J = (2.0, 2.0, 1.0, 1.0)
M = 9, 10
0.63395015033

J = (2.0, 2.0, 1.0, 1.0)
M = 10, 11
0.63400369144

J = (2.0, 2.0, 1.0, 1.0)
M = 11, 12
0.63404075131

J = (2.0, 2.0, 1.0, 1.0)
M = 12, 13
0.63406720433

J = (2.0, 2.0, 1.0, 1.0)
M = 13, 14
0.63408658430

J = (2.0, 2.0, 1.0, 1.0)
M = 14, 15
0.63410110317

J = (2.0, 2.0, 1.0, 1.0)
M = 15, 16
0.63411219299

J = (2.0, 2.0, 1.0, 1.0)
M = 16, 17
0.63412080873

J = (10.0, 1.0, 1.0, 1.0)
M = 4, 5
0.52964322737

J = (10.0, 1.0, 1.0, 1.0)
M = 5, 6
0.52858172528

J = (10.0, 1.0, 1.0, 1.0)
M = 6, 7
0.52676693764

J = (10.0, 1.0, 1.0, 1.0)
M = 7, 8
0.52530122633

J = (10.0, 1.0, 1.0, 1.0)
M = 8, 9
0.52429551017

J = (10.0, 1.0, 1.0, 1.0)
M = 9, 10
0.52364268348

J = (10.0, 1.0, 1.0, 1.0)
M = 10, 11
0.52322423284

J = (10.0, 1.0, 1.0, 1.0)
M = 11, 12
0.52295335224

J = (10.0, 1.0, 1.0, 1.0)
M = 12, 13
0.52277404231

J = (10.0, 1.0, 1.0, 1.0)
M = 13, 14
0.52265193370

J = (10.0, 1.0, 1.0, 1.0)
M = 14, 15
0.52256624557

J = (10.0, 1.0, 1.0, 1.0)
M = 15, 16
0.52250435366

J = (10.0, 1.0, 1.0, 1.0)
M = 16, 17
0.52245846056

J = (20.0, 1.0, 1.0, 1.0)
M = 4, 5
0.44873190707

J = (20.0, 1.0, 1.0, 1.0)
M = 5, 6
0.45786133602

J = (20.0, 1.0, 1.0, 1.0)
M = 6, 7
0.46016959141

J = (20.0, 1.0, 1.0, 1.0)
M = 7, 8
0.45996717363

J = (20.0, 1.0, 1.0, 1.0)
M = 8, 9
0.45895110164

J = (20.0, 1.0, 1.0, 1.0)
M = 9, 10
0.45779414440

J = (20.0, 1.0, 1.0, 1.0)
M = 10, 11
0.45674651625

J = (20.0, 1.0, 1.0, 1.0)
M = 11, 12
0.45588078012

J = (20.0, 1.0, 1.0, 1.0)
M = 12, 13
0.45519720186

J = (20.0, 1.0, 1.0, 1.0)
M = 13, 14
0.45467022161

J = (20.0, 1.0, 1.0, 1.0)
M = 14, 15
0.45426863290

J = (20.0, 1.0, 1.0, 1.0)
M = 15, 16
0.45396368129

J = (20.0, 1.0, 1.0, 1.0)
M = 16, 17
0.45373165001

J = (30.0, 1.0, 1.0, 1.0)
M = 4, 5
0.38466446568

J = (30.0, 1.0, 1.0, 1.0)
M = 5, 6
0.40616723813

J = (30.0, 1.0, 1.0, 1.0)
M = 6, 7
0.41551441014

J = (30.0, 1.0, 1.0, 1.0)
M = 7, 8
0.41924981757

J = (30.0, 1.0, 1.0, 1.0)
M = 8, 9
0.42036895121

J = (30.0, 1.0, 1.0, 1.0)
M = 9, 10
0.42028461719

J = (30.0, 1.0, 1.0, 1.0)
M = 10, 11
0.41968483219

J = (30.0, 1.0, 1.0, 1.0)
M = 11, 12
0.41890900790

J = (30.0, 1.0, 1.0, 1.0)
M = 12, 13
0.41812185397

J = (30.0, 1.0, 1.0, 1.0)
M = 13, 14
0.41739826104

J = (30.0, 1.0, 1.0, 1.0)
M = 14, 15
0.41676666009

J = (30.0, 1.0, 1.0, 1.0)
M = 15, 16
0.41623191453

J = (30.0, 1.0, 1.0, 1.0)
M = 16, 17
0.41578762733

J = (40.0, 1.0, 1.0, 1.0)
M = 4, 5
0.32890365729

J = (40.0, 1.0, 1.0, 1.0)
M = 5, 6
0.36183535861

J = (40.0, 1.0, 1.0, 1.0)
M = 6, 7
0.37878553136

J = (40.0, 1.0, 1.0, 1.0)
M = 7, 8
0.38727995210

J = (40.0, 1.0, 1.0, 1.0)
M = 8, 9
0.39137964326

J = (40.0, 1.0, 1.0, 1.0)
M = 9, 10
0.39316009757

J = (40.0, 1.0, 1.0, 1.0)
M = 10, 11
0.39370801618

J = (40.0, 1.0, 1.0, 1.0)
M = 11, 12
0.39361076743

J = (40.0, 1.0, 1.0, 1.0)
M = 12, 13
0.39319338681

J = (40.0, 1.0, 1.0, 1.0)
M = 13, 14
0.39263764637

J = (40.0, 1.0, 1.0, 1.0)
M = 14, 15
0.39204458718

J = (40.0, 1.0, 1.0, 1.0)
M = 15, 16
0.39146874658

J = (40.0, 1.0, 1.0, 1.0)
M = 16, 17
0.39093756857

J = (50.0, 1.0, 1.0, 1.0)
M = 4, 5
0.28036991883

J = (50.0, 1.0, 1.0, 1.0)
M = 5, 6
0.32149427276

J = (50.0, 1.0, 1.0, 1.0)
M = 6, 7
0.34584138205

J = (50.0, 1.0, 1.0, 1.0)
M = 7, 8
0.35941814881

J = (50.0, 1.0, 1.0, 1.0)
M = 8, 9
0.36688677900

J = (50.0, 1.0, 1.0, 1.0)
M = 9, 10
0.37091471337

J = (50.0, 1.0, 1.0, 1.0)
M = 10, 11
0.37297329239

J = (50.0, 1.0, 1.0, 1.0)
M = 11, 12
0.37389072082

J = (50.0, 1.0, 1.0, 1.0)
M = 12, 13
0.37414663566

J = (50.0, 1.0, 1.0, 1.0)
M = 13, 14
0.37402564438

J = (50.0, 1.0, 1.0, 1.0)
M = 14, 15
0.37369947619

J = (50.0, 1.0, 1.0, 1.0)
M = 15, 16
0.37327254725

J = (50.0, 1.0, 1.0, 1.0)
M = 16, 17
0.37280814923

J = (50.0, 1.0, 1.0, 50.0)
M = 4, 5
0.57984408228

J = (50.0, 1.0, 1.0, 50.0)
M = 5, 6
0.57747032031

J = (50.0, 1.0, 1.0, 50.0)
M = 6, 7
0.57639346217

J = (50.0, 1.0, 1.0, 50.0)
M = 7, 8
0.57585319362

J = (50.0, 1.0, 1.0, 50.0)
M = 8, 9
0.57555315821

J = (50.0, 1.0, 1.0, 50.0)
M = 9, 10
0.57537231221

J = (50.0, 1.0, 1.0, 50.0)
M = 10, 11
0.57525631204

J = (50.0, 1.0, 1.0, 50.0)
M = 11, 12
0.57517827361

J = (50.0, 1.0, 1.0, 50.0)
M = 12, 13
0.57512375839

J = (50.0, 1.0, 1.0, 50.0)
M = 13, 14
0.57508448898

J = (50.0, 1.0, 1.0, 50.0)
M = 14, 15
0.57505546816

J = (50.0, 1.0, 1.0, 50.0)
M = 15, 16
0.57503354978

J = (50.0, 1.0, 1.0, 50.0)
M = 16, 17
0.57501668189

