J = (1.0, 1.0, 0.0, 100.0)
M = 4, 5
0.29006501825

J = (1.0, 1.0, 0.0, 100.0)
M = 5, 6
0.28984588114

J = (1.0, 1.0, 0.0, 100.0)
M = 6, 7
0.28974286249

J = (1.0, 1.0, 0.0, 100.0)
M = 7, 8
0.28968809010

J = (1.0, 1.0, 0.0, 100.0)
M = 8, 9
0.28965628147

J = (1.0, 1.0, 0.0, 100.0)
M = 9, 10
0.28963657195

J = (1.0, 1.0, 0.0, 100.0)
M = 10, 11
0.28962369849

J = (1.0, 1.0, 0.0, 100.0)
M = 11, 12
0.28961479664

J = (1.0, 1.0, 0.0, 100.0)
M = 12, 13
0.28960886459

J = (1.0, 1.0, 0.0, 100.0)
M = 13, 14
0.28960456855

J = (1.0, 1.0, 0.0, 100.0)
M = 14, 15
0.28960093623

J = (1.0, 1.0, 0.0, 100.0)
M = 15, 16
0.28959835466

J = (1.0, 1.0, 0.0, 100.0)
M = 16, 17
0.28959637873

J = (1.0, 1.0, 0.2, 100.0)
M = 4, 5
0.30240282694

J = (1.0, 1.0, 0.2, 100.0)
M = 5, 6
0.30208402020

J = (1.0, 1.0, 0.2, 100.0)
M = 6, 7
0.30194142141

J = (1.0, 1.0, 0.2, 100.0)
M = 7, 8
0.30186417319

J = (1.0, 1.0, 0.2, 100.0)
M = 8, 9
0.30181903474

J = (1.0, 1.0, 0.2, 100.0)
M = 9, 10
0.30179023743

J = (1.0, 1.0, 0.2, 100.0)
M = 10, 11
0.30177228346

J = (1.0, 1.0, 0.2, 100.0)
M = 11, 12
0.30176048279

J = (1.0, 1.0, 0.2, 100.0)
M = 12, 13
0.30175057482

J = (1.0, 1.0, 0.2, 100.0)
M = 13, 14
0.30174388872

J = (1.0, 1.0, 0.2, 100.0)
M = 14, 15
0.30173920425

J = (1.0, 1.0, 0.2, 100.0)
M = 15, 16
0.30173537731

J = (1.0, 1.0, 0.2, 100.0)
M = 16, 17
0.30173255198

J = (1.0, 1.0, 0.5, 100.0)
M = 4, 5
0.31289672905

J = (1.0, 1.0, 0.5, 100.0)
M = 5, 6
0.31243243395

J = (1.0, 1.0, 0.5, 100.0)
M = 6, 7
0.31229951164

J = (1.0, 1.0, 0.5, 100.0)
M = 7, 8
0.31221295029

J = (1.0, 1.0, 0.5, 100.0)
M = 8, 9
0.31216437051

J = (1.0, 1.0, 0.5, 100.0)
M = 9, 10
0.31213342795

J = (1.0, 1.0, 0.5, 100.0)
M = 10, 11
0.31211304292

J = (1.0, 1.0, 0.5, 100.0)
M = 11, 12
0.31209850311

J = (1.0, 1.0, 0.5, 100.0)
M = 12, 13
0.31208902046

J = (1.0, 1.0, 0.5, 100.0)
M = 13, 14
0.31208172093

J = (1.0, 1.0, 0.5, 100.0)
M = 14, 15
0.31207627372

J = (1.0, 1.0, 0.5, 100.0)
M = 15, 16
0.31207212890

J = (1.0, 1.0, 0.5, 100.0)
M = 16, 17
0.31206885547

J = (1.0, 1.0, 0.8, 100.0)
M = 4, 5
0.32221834063

J = (1.0, 1.0, 0.8, 100.0)
M = 5, 6
0.32143257372

J = (1.0, 1.0, 0.8, 100.0)
M = 6, 7
0.32137983926

J = (1.0, 1.0, 0.8, 100.0)
M = 7, 8
0.32127904058

J = (1.0, 1.0, 0.8, 100.0)
M = 8, 9
0.32123547385

J = (1.0, 1.0, 0.8, 100.0)
M = 9, 10
0.32120449847

J = (1.0, 1.0, 0.8, 100.0)
M = 10, 11
0.32118466724

J = (1.0, 1.0, 0.8, 100.0)
M = 11, 12
0.32117079571

J = (1.0, 1.0, 0.8, 100.0)
M = 12, 13
0.32116092642

J = (1.0, 1.0, 0.8, 100.0)
M = 13, 14
0.32115370171

J = (1.0, 1.0, 0.8, 100.0)
M = 14, 15
0.32114827664

J = (1.0, 1.0, 0.8, 100.0)
M = 15, 16
0.32114412868

J = (1.0, 1.0, 0.8, 100.0)
M = 16, 17
0.32114105448

